STAGE DEPENDENCIES:
  Stage-1 is a root stage
  Stage-2 depends on stages: Stage-1
  Stage-3 depends on stages: Stage-2, Stage-11, Stage-12
  Stage-4 depends on stages: Stage-3, Stage-19
  Stage-10 depends on stages: Stage-4 , consists of Stage-7, Stage-6, Stage-8
  Stage-7
  Stage-0 depends on stages: Stage-7, Stage-6, Stage-9
  Stage-5 depends on stages: Stage-0
  Stage-6
  Stage-8
  Stage-9 depends on stages: Stage-8
  Stage-11 is a root stage
  Stage-12 is a root stage
  Stage-14 is a root stage
  Stage-15 depends on stages: Stage-14
  Stage-16 depends on stages: Stage-15, Stage-20, Stage-21
  Stage-17 depends on stages: Stage-16
  Stage-18 depends on stages: Stage-17, Stage-25
  Stage-19 depends on stages: Stage-18, Stage-32, Stage-39, Stage-46, Stage-53
  Stage-20 is a root stage
  Stage-21 is a root stage
  Stage-23 is a root stage
  Stage-24 depends on stages: Stage-23
  Stage-25 depends on stages: Stage-24, Stage-26, Stage-27
  Stage-26 is a root stage
  Stage-27 is a root stage
  Stage-29 is a root stage
  Stage-30 depends on stages: Stage-29
  Stage-31 depends on stages: Stage-30, Stage-33, Stage-34
  Stage-32 depends on stages: Stage-31
  Stage-33 is a root stage
  Stage-34 is a root stage
  Stage-36 is a root stage
  Stage-37 depends on stages: Stage-36
  Stage-38 depends on stages: Stage-37, Stage-40, Stage-41
  Stage-39 depends on stages: Stage-38
  Stage-40 is a root stage
  Stage-41 is a root stage
  Stage-43 is a root stage
  Stage-44 depends on stages: Stage-43
  Stage-45 depends on stages: Stage-44, Stage-47, Stage-48
  Stage-46 depends on stages: Stage-45
  Stage-47 is a root stage
  Stage-48 is a root stage
  Stage-50 is a root stage
  Stage-51 depends on stages: Stage-50
  Stage-52 depends on stages: Stage-51, Stage-54, Stage-55
  Stage-53 depends on stages: Stage-52
  Stage-54 is a root stage
  Stage-55 is a root stage

STAGE PLANS:
  Stage: Stage-1
    Map Reduce
      Map Operator Tree:
          TableScan
            alias: mds_usr_cookie_phone_rela_his
            Statistics: Num rows: 75370647 Data size: 6671873158 Basic stats: COMPLETE Column stats: NONE
            Select Operator
              expressions: cookie (type: string), platform (type: string), data_src (type: string), phone (type: string)
              outputColumnNames: cookie, platform, data_src, phone
              Statistics: Num rows: 75370647 Data size: 6671873158 Basic stats: COMPLETE Column stats: NONE
              Group By Operator
                aggregations: count(DISTINCT phone)
                keys: cookie (type: string), platform (type: string), data_src (type: string), phone (type: string)
                mode: hash
                outputColumnNames: _col0, _col1, _col2, _col3, _col4
                Statistics: Num rows: 75370647 Data size: 6671873158 Basic stats: COMPLETE Column stats: NONE
                Reduce Output Operator
                  key expressions: _col0 (type: string), _col1 (type: string), _col2 (type: string), _col3 (type: string)
                  sort order: ++++
                  Map-reduce partition columns: _col0 (type: string), _col1 (type: string), _col2 (type: string)
                  Statistics: Num rows: 75370647 Data size: 6671873158 Basic stats: COMPLETE Column stats: NONE
      Reduce Operator Tree:
        Group By Operator
          aggregations: count(DISTINCT KEY._col3:0._col0)
          keys: KEY._col0 (type: string), KEY._col1 (type: string), KEY._col2 (type: string)
          mode: mergepartial
          outputColumnNames: _col0, _col1, _col2, _col3
          Statistics: Num rows: 37685323 Data size: 3335936534 Basic stats: COMPLETE Column stats: NONE
          Select Operator
            expressions: _col0 (type: string), _col3 (type: bigint)
            outputColumnNames: _col0, _col3
            Statistics: Num rows: 37685323 Data size: 3335936534 Basic stats: COMPLETE Column stats: NONE
            Filter Operator
              predicate: (_col3 > null) (type: boolean)
              Statistics: Num rows: 12561774 Data size: 1111978815 Basic stats: COMPLETE Column stats: NONE
              Select Operator
                expressions: _col0 (type: string)
                outputColumnNames: _col0
                Statistics: Num rows: 12561774 Data size: 1111978815 Basic stats: COMPLETE Column stats: NONE
                File Output Operator
                  compressed: false
                  table:
                      input format: org.apache.hadoop.mapred.SequenceFileInputFormat
                      output format: org.apache.hadoop.hive.ql.io.HiveSequenceFileOutputFormat
                      serde: org.apache.hadoop.hive.serde2.lazybinary.LazyBinarySerDe

  Stage: Stage-2
    Map Reduce
      Map Operator Tree:
          TableScan
            Reduce Output Operator
              key expressions: _col0 (type: string)
              sort order: +
              Map-reduce partition columns: _col0 (type: string)
              Statistics: Num rows: 12561774 Data size: 1111978815 Basic stats: COMPLETE Column stats: NONE
          TableScan
            alias: a
            Statistics: Num rows: 75370647 Data size: 6671873158 Basic stats: COMPLETE Column stats: NONE
            Reduce Output Operator
              key expressions: cookie (type: string)
              sort order: +
              Map-reduce partition columns: cookie (type: string)
              Statistics: Num rows: 75370647 Data size: 6671873158 Basic stats: COMPLETE Column stats: NONE
              value expressions: phone (type: string), platform (type: string), data_src (type: string), first_time (type: string), last_time (type: string), recent_flag (type: string)
      Reduce Operator Tree:
        Join Operator
          condition map:
               Left Outer Join0 to 1
          keys:
            0 cookie (type: string)
            1 _col0 (type: string)
          outputColumnNames: _col0, _col1, _col2, _col3, _col4, _col5, _col7, _col11
          Statistics: Num rows: 82907713 Data size: 7339060632 Basic stats: COMPLETE Column stats: NONE
          File Output Operator
            compressed: false
            table:
                input format: org.apache.hadoop.mapred.SequenceFileInputFormat
                output format: org.apache.hadoop.hive.ql.io.HiveSequenceFileOutputFormat
                serde: org.apache.hadoop.hive.serde2.lazybinary.LazyBinarySerDe

  Stage: Stage-3
    Map Reduce
      Map Operator Tree:
          TableScan
            Reduce Output Operator
              key expressions: _col1 (type: string)
              sort order: +
              Map-reduce partition columns: _col1 (type: string)
              Statistics: Num rows: 82907713 Data size: 7339060632 Basic stats: COMPLETE Column stats: NONE
              value expressions: _col0 (type: string), _col2 (type: string), _col3 (type: string), _col4 (type: string), _col5 (type: string), _col7 (type: string), _col11 (type: string)
          TableScan
            Reduce Output Operator
              key expressions: _col0 (type: string)
              sort order: +
              Map-reduce partition columns: _col0 (type: string)
              Statistics: Num rows: 6280887 Data size: 555989407 Basic stats: COMPLETE Column stats: NONE
          TableScan
            Reduce Output Operator
              key expressions: _col0 (type: string)
              sort order: +
              Map-reduce partition columns: _col0 (type: string)
              Statistics: Num rows: 6280887 Data size: 555989407 Basic stats: COMPLETE Column stats: NONE
      Reduce Operator Tree:
        Join Operator
          condition map:
               Left Outer Join0 to 1
               Left Outer Join0 to 2
          keys:
            0 _col1 (type: string)
            1 _col0 (type: string)
            2 _col0 (type: string)
          outputColumnNames: _col0, _col1, _col2, _col3, _col4, _col5, _col7, _col11, _col13, _col15
          Statistics: Num rows: 182396972 Data size: 16145933740 Basic stats: COMPLETE Column stats: NONE
          Select Operator
            expressions: _col0 (type: string), _col1 (type: string), _col2 (type: string), _col3 (type: string), _col4 (type: string), _col5 (type: string), _col7 (type: string), CASE WHEN ((_col11 is null and _col13 is null and _col15 is null)) THEN ('no') ELSE ('yes') END (type: string)
            outputColumnNames: _col0, _col1, _col2, _col3, _col4, _col5, _col6, _col7
            Statistics: Num rows: 182396972 Data size: 16145933740 Basic stats: COMPLETE Column stats: NONE
            Filter Operator
              predicate: (_col7 = 'no') (type: boolean)
              Statistics: Num rows: 91198486 Data size: 8072966870 Basic stats: COMPLETE Column stats: NONE
              Select Operator
                expressions: _col0 (type: string), _col1 (type: string), _col2 (type: string), _col3 (type: string), _col4 (type: string), _col5 (type: string), _col6 (type: string)
                outputColumnNames: _col0, _col1, _col2, _col3, _col4, _col5, _col6
                Statistics: Num rows: 91198486 Data size: 8072966870 Basic stats: COMPLETE Column stats: NONE
                File Output Operator
                  compressed: false
                  table:
                      input format: org.apache.hadoop.mapred.SequenceFileInputFormat
                      output format: org.apache.hadoop.hive.ql.io.HiveSequenceFileOutputFormat
                      serde: org.apache.hadoop.hive.serde2.lazybinary.LazyBinarySerDe

  Stage: Stage-4
    Map Reduce
      Map Operator Tree:
          TableScan
            Union
              Statistics: Num rows: 179357022 Data size: 15876834836 Basic stats: COMPLETE Column stats: NONE
              File Output Operator
                compressed: true
                Statistics: Num rows: 179357022 Data size: 15876834836 Basic stats: COMPLETE Column stats: NONE
                table:
                    input format: org.apache.hadoop.hive.ql.io.RCFileInputFormat
                    output format: org.apache.hadoop.hive.ql.io.RCFileOutputFormat
                    serde: org.apache.hadoop.hive.serde2.columnar.LazyBinaryColumnarSerDe
                    name: ads.ads_dm_usr_cookie_phone_rela_his
          TableScan
            Union
              Statistics: Num rows: 179357022 Data size: 15876834836 Basic stats: COMPLETE Column stats: NONE
              File Output Operator
                compressed: true
                Statistics: Num rows: 179357022 Data size: 15876834836 Basic stats: COMPLETE Column stats: NONE
                table:
                    input format: org.apache.hadoop.hive.ql.io.RCFileInputFormat
                    output format: org.apache.hadoop.hive.ql.io.RCFileOutputFormat
                    serde: org.apache.hadoop.hive.serde2.columnar.LazyBinaryColumnarSerDe
                    name: ads.ads_dm_usr_cookie_phone_rela_his

  Stage: Stage-10
    Conditional Operator

  Stage: Stage-7
    Move Operator
      files:
          hdfs directory: true
          destination: viewfs://AutoLq2Cluster/warehouse/ads/dm/ads_dm_usr_cookie_phone_rela_his/dt=2017-07-23/.hive-staging_hive_2017-07-24_10-47-00_265_2603223731402834740-1/-ext-10000

  Stage: Stage-0
    Move Operator
      tables:
          partition:
            dt 2017-07-23
            recent_flag 
          replace: true
          table:
              input format: org.apache.hadoop.hive.ql.io.RCFileInputFormat
              output format: org.apache.hadoop.hive.ql.io.RCFileOutputFormat
              serde: org.apache.hadoop.hive.serde2.columnar.LazyBinaryColumnarSerDe
              name: ads.ads_dm_usr_cookie_phone_rela_his

  Stage: Stage-5
    Stats-Aggr Operator

  Stage: Stage-6
    Merge File Operator
      Map Operator Tree:
          RCFile Merge Operator
      merge level: block
      input format: org.apache.hadoop.hive.ql.io.RCFileInputFormat

  Stage: Stage-8
    Merge File Operator
      Map Operator Tree:
          RCFile Merge Operator
      merge level: block
      input format: org.apache.hadoop.hive.ql.io.RCFileInputFormat

  Stage: Stage-9
    Move Operator
      files:
          hdfs directory: true
          destination: viewfs://AutoLq2Cluster/warehouse/ads/dm/ads_dm_usr_cookie_phone_rela_his/dt=2017-07-23/.hive-staging_hive_2017-07-24_10-47-00_265_2603223731402834740-1/-ext-10000

  Stage: Stage-11
    Map Reduce
      Map Operator Tree:
          TableScan
            alias: mds_usr_cookie_phone_rela_his
            Statistics: Num rows: 75370647 Data size: 6671873158 Basic stats: COMPLETE Column stats: NONE
            Filter Operator
              predicate: (platform) IN ('01', '02') (type: boolean)
              Statistics: Num rows: 37685323 Data size: 3335936534 Basic stats: COMPLETE Column stats: NONE
              Select Operator
                expressions: phone (type: string), platform (type: string), data_src (type: string), cookie (type: string)
                outputColumnNames: phone, platform, data_src, cookie
                Statistics: Num rows: 37685323 Data size: 3335936534 Basic stats: COMPLETE Column stats: NONE
                Group By Operator
                  aggregations: count(DISTINCT cookie)
                  keys: phone (type: string), platform (type: string), data_src (type: string), cookie (type: string)
                  mode: hash
                  outputColumnNames: _col0, _col1, _col2, _col3, _col4
                  Statistics: Num rows: 37685323 Data size: 3335936534 Basic stats: COMPLETE Column stats: NONE
                  Reduce Output Operator
                    key expressions: _col0 (type: string), _col1 (type: string), _col2 (type: string), _col3 (type: string)
                    sort order: ++++
                    Map-reduce partition columns: _col0 (type: string), _col1 (type: string), _col2 (type: string)
                    Statistics: Num rows: 37685323 Data size: 3335936534 Basic stats: COMPLETE Column stats: NONE
      Reduce Operator Tree:
        Group By Operator
          aggregations: count(DISTINCT KEY._col3:0._col0)
          keys: KEY._col0 (type: string), KEY._col1 (type: string), KEY._col2 (type: string)
          mode: mergepartial
          outputColumnNames: _col0, _col1, _col2, _col3
          Statistics: Num rows: 18842661 Data size: 1667968222 Basic stats: COMPLETE Column stats: NONE
          Select Operator
            expressions: _col0 (type: string), _col3 (type: bigint)
            outputColumnNames: _col0, _col3
            Statistics: Num rows: 18842661 Data size: 1667968222 Basic stats: COMPLETE Column stats: NONE
            Filter Operator
              predicate: (_col3 > null) (type: boolean)
              Statistics: Num rows: 6280887 Data size: 555989407 Basic stats: COMPLETE Column stats: NONE
              Select Operator
                expressions: _col0 (type: string)
                outputColumnNames: _col0
                Statistics: Num rows: 6280887 Data size: 555989407 Basic stats: COMPLETE Column stats: NONE
                File Output Operator
                  compressed: false
                  table:
                      input format: org.apache.hadoop.mapred.SequenceFileInputFormat
                      output format: org.apache.hadoop.hive.ql.io.HiveSequenceFileOutputFormat
                      serde: org.apache.hadoop.hive.serde2.lazybinary.LazyBinarySerDe

  Stage: Stage-12
    Map Reduce
      Map Operator Tree:
          TableScan
            alias: mds_usr_cookie_phone_rela_his
            Statistics: Num rows: 75370647 Data size: 6671873158 Basic stats: COMPLETE Column stats: NONE
            Filter Operator
              predicate: (platform) IN ('03') (type: boolean)
              Statistics: Num rows: 37685323 Data size: 3335936534 Basic stats: COMPLETE Column stats: NONE
              Select Operator
                expressions: phone (type: string), platform (type: string), data_src (type: string), cookie (type: string)
                outputColumnNames: phone, platform, data_src, cookie
                Statistics: Num rows: 37685323 Data size: 3335936534 Basic stats: COMPLETE Column stats: NONE
                Group By Operator
                  aggregations: count(DISTINCT cookie)
                  keys: phone (type: string), platform (type: string), data_src (type: string), cookie (type: string)
                  mode: hash
                  outputColumnNames: _col0, _col1, _col2, _col3, _col4
                  Statistics: Num rows: 37685323 Data size: 3335936534 Basic stats: COMPLETE Column stats: NONE
                  Reduce Output Operator
                    key expressions: _col0 (type: string), _col1 (type: string), _col2 (type: string), _col3 (type: string)
                    sort order: ++++
                    Map-reduce partition columns: _col0 (type: string), _col1 (type: string), _col2 (type: string)
                    Statistics: Num rows: 37685323 Data size: 3335936534 Basic stats: COMPLETE Column stats: NONE
      Reduce Operator Tree:
        Group By Operator
          aggregations: count(DISTINCT KEY._col3:0._col0)
          keys: KEY._col0 (type: string), KEY._col1 (type: string), KEY._col2 (type: string)
          mode: mergepartial
          outputColumnNames: _col0, _col1, _col2, _col3
          Statistics: Num rows: 18842661 Data size: 1667968222 Basic stats: COMPLETE Column stats: NONE
          Select Operator
            expressions: _col0 (type: string), _col3 (type: bigint)
            outputColumnNames: _col0, _col3
            Statistics: Num rows: 18842661 Data size: 1667968222 Basic stats: COMPLETE Column stats: NONE
            Filter Operator
              predicate: (_col3 > null) (type: boolean)
              Statistics: Num rows: 6280887 Data size: 555989407 Basic stats: COMPLETE Column stats: NONE
              Select Operator
                expressions: _col0 (type: string)
                outputColumnNames: _col0
                Statistics: Num rows: 6280887 Data size: 555989407 Basic stats: COMPLETE Column stats: NONE
                File Output Operator
                  compressed: false
                  table:
                      input format: org.apache.hadoop.mapred.SequenceFileInputFormat
                      output format: org.apache.hadoop.hive.ql.io.HiveSequenceFileOutputFormat
                      serde: org.apache.hadoop.hive.serde2.lazybinary.LazyBinarySerDe

  Stage: Stage-14
    Map Reduce
      Map Operator Tree:
          TableScan
            alias: mds_usr_cookie_phone_rela_his
            Statistics: Num rows: 75370647 Data size: 6671873158 Basic stats: COMPLETE Column stats: NONE
            Filter Operator
              predicate: cookie is not null (type: boolean)
              Statistics: Num rows: 75370647 Data size: 6671873158 Basic stats: COMPLETE Column stats: NONE
              Select Operator
                expressions: cookie (type: string), platform (type: string), data_src (type: string), phone (type: string)
                outputColumnNames: cookie, platform, data_src, phone
                Statistics: Num rows: 75370647 Data size: 6671873158 Basic stats: COMPLETE Column stats: NONE
                Group By Operator
                  aggregations: count(DISTINCT phone)
                  keys: cookie (type: string), platform (type: string), data_src (type: string), phone (type: string)
                  mode: hash
                  outputColumnNames: _col0, _col1, _col2, _col3, _col4
                  Statistics: Num rows: 75370647 Data size: 6671873158 Basic stats: COMPLETE Column stats: NONE
                  Reduce Output Operator
                    key expressions: _col0 (type: string), _col1 (type: string), _col2 (type: string), _col3 (type: string)
                    sort order: ++++
                    Map-reduce partition columns: _col0 (type: string), _col1 (type: string), _col2 (type: string)
                    Statistics: Num rows: 75370647 Data size: 6671873158 Basic stats: COMPLETE Column stats: NONE
      Reduce Operator Tree:
        Group By Operator
          aggregations: count(DISTINCT KEY._col3:0._col0)
          keys: KEY._col0 (type: string), KEY._col1 (type: string), KEY._col2 (type: string)
          mode: mergepartial
          outputColumnNames: _col0, _col1, _col2, _col3
          Statistics: Num rows: 37685323 Data size: 3335936534 Basic stats: COMPLETE Column stats: NONE
          Select Operator
            expressions: _col0 (type: string), _col3 (type: bigint)
            outputColumnNames: _col0, _col3
            Statistics: Num rows: 37685323 Data size: 3335936534 Basic stats: COMPLETE Column stats: NONE
            Filter Operator
              predicate: (_col3 > null) (type: boolean)
              Statistics: Num rows: 12561774 Data size: 1111978815 Basic stats: COMPLETE Column stats: NONE
              Select Operator
                expressions: _col0 (type: string)
                outputColumnNames: _col0
                Statistics: Num rows: 12561774 Data size: 1111978815 Basic stats: COMPLETE Column stats: NONE
                File Output Operator
                  compressed: false
                  table:
                      input format: org.apache.hadoop.mapred.SequenceFileInputFormat
                      output format: org.apache.hadoop.hive.ql.io.HiveSequenceFileOutputFormat
                      serde: org.apache.hadoop.hive.serde2.lazybinary.LazyBinarySerDe

  Stage: Stage-15
    Map Reduce
      Map Operator Tree:
          TableScan
            Reduce Output Operator
              key expressions: _col0 (type: string)
              sort order: +
              Map-reduce partition columns: _col0 (type: string)
              Statistics: Num rows: 12561774 Data size: 1111978815 Basic stats: COMPLETE Column stats: NONE
          TableScan
            alias: a
            Statistics: Num rows: 75370647 Data size: 6671873158 Basic stats: COMPLETE Column stats: NONE
            Filter Operator
              predicate: (cookie is not null and phone is not null) (type: boolean)
              Statistics: Num rows: 75370647 Data size: 6671873158 Basic stats: COMPLETE Column stats: NONE
              Reduce Output Operator
                key expressions: cookie (type: string)
                sort order: +
                Map-reduce partition columns: cookie (type: string)
                Statistics: Num rows: 75370647 Data size: 6671873158 Basic stats: COMPLETE Column stats: NONE
                value expressions: phone (type: string), first_time (type: string)
      Reduce Operator Tree:
        Join Operator
          condition map:
               Left Outer Join0 to 1
          keys:
            0 cookie (type: string)
            1 _col0 (type: string)
          outputColumnNames: _col0, _col1, _col4, _col11
          Statistics: Num rows: 82907713 Data size: 7339060632 Basic stats: COMPLETE Column stats: NONE
          File Output Operator
            compressed: false
            table:
                input format: org.apache.hadoop.mapred.SequenceFileInputFormat
                output format: org.apache.hadoop.hive.ql.io.HiveSequenceFileOutputFormat
                serde: org.apache.hadoop.hive.serde2.lazybinary.LazyBinarySerDe

  Stage: Stage-16
    Map Reduce
      Map Operator Tree:
          TableScan
            Reduce Output Operator
              key expressions: _col1 (type: string)
              sort order: +
              Map-reduce partition columns: _col1 (type: string)
              Statistics: Num rows: 82907713 Data size: 7339060632 Basic stats: COMPLETE Column stats: NONE
              value expressions: _col0 (type: string), _col4 (type: string), _col11 (type: string)
          TableScan
            Reduce Output Operator
              key expressions: _col0 (type: string)
              sort order: +
              Map-reduce partition columns: _col0 (type: string)
              Statistics: Num rows: 6280887 Data size: 555989407 Basic stats: COMPLETE Column stats: NONE
          TableScan
            Reduce Output Operator
              key expressions: _col0 (type: string)
              sort order: +
              Map-reduce partition columns: _col0 (type: string)
              Statistics: Num rows: 6280887 Data size: 555989407 Basic stats: COMPLETE Column stats: NONE
      Reduce Operator Tree:
        Join Operator
          condition map:
               Left Outer Join0 to 1
               Left Outer Join0 to 2
          keys:
            0 _col1 (type: string)
            1 _col0 (type: string)
            2 _col0 (type: string)
          outputColumnNames: _col0, _col1, _col4, _col11, _col13, _col15
          Statistics: Num rows: 182396972 Data size: 16145933740 Basic stats: COMPLETE Column stats: NONE
          Select Operator
            expressions: _col0 (type: string), _col1 (type: string), _col4 (type: string), CASE WHEN ((_col11 is null and _col13 is null and _col15 is null)) THEN ('no') ELSE ('yes') END (type: string)
            outputColumnNames: _col0, _col1, _col4, _col7
            Statistics: Num rows: 182396972 Data size: 16145933740 Basic stats: COMPLETE Column stats: NONE
            Filter Operator
              predicate: (_col7 = 'yes') (type: boolean)
              Statistics: Num rows: 91198486 Data size: 8072966870 Basic stats: COMPLETE Column stats: NONE
              Select Operator
                expressions: _col0 (type: string), _col1 (type: string), _col4 (type: string)
                outputColumnNames: _col0, _col1, _col4
                Statistics: Num rows: 91198486 Data size: 8072966870 Basic stats: COMPLETE Column stats: NONE
                Group By Operator
                  aggregations: min(_col4)
                  keys: _col0 (type: string), _col1 (type: string)
                  mode: hash
                  outputColumnNames: _col0, _col1, _col2
                  Statistics: Num rows: 91198486 Data size: 8072966870 Basic stats: COMPLETE Column stats: NONE
                  File Output Operator
                    compressed: false
                    table:
                        input format: org.apache.hadoop.mapred.SequenceFileInputFormat
                        output format: org.apache.hadoop.hive.ql.io.HiveSequenceFileOutputFormat
                        serde: org.apache.hadoop.hive.serde2.lazybinary.LazyBinarySerDe

  Stage: Stage-17
    Map Reduce
      Map Operator Tree:
          TableScan
            Reduce Output Operator
              key expressions: _col0 (type: string), _col1 (type: string)
              sort order: ++
              Map-reduce partition columns: _col0 (type: string), _col1 (type: string)
              Statistics: Num rows: 91198486 Data size: 8072966870 Basic stats: COMPLETE Column stats: NONE
              value expressions: _col2 (type: string)
      Reduce Operator Tree:
        Group By Operator
          aggregations: min(VALUE._col0)
          keys: KEY._col0 (type: string), KEY._col1 (type: string)
          mode: mergepartial
          outputColumnNames: _col0, _col1, _col2
          Statistics: Num rows: 45599243 Data size: 4036483435 Basic stats: COMPLETE Column stats: NONE
          Filter Operator
            predicate: _col2 is not null (type: boolean)
            Statistics: Num rows: 45599243 Data size: 4036483435 Basic stats: COMPLETE Column stats: NONE
            File Output Operator
              compressed: false
              table:
                  input format: org.apache.hadoop.mapred.SequenceFileInputFormat
                  output format: org.apache.hadoop.hive.ql.io.HiveSequenceFileOutputFormat
                  serde: org.apache.hadoop.hive.serde2.lazybinary.LazyBinarySerDe

  Stage: Stage-18
    Map Reduce
      Map Operator Tree:
          TableScan
            Reduce Output Operator
              key expressions: _col0 (type: string), _col1 (type: string), _col2 (type: string)
              sort order: +++
              Map-reduce partition columns: _col0 (type: string), _col1 (type: string), _col2 (type: string)
              Statistics: Num rows: 45599243 Data size: 4036483435 Basic stats: COMPLETE Column stats: NONE
          TableScan
            Reduce Output Operator
              key expressions: _col0 (type: string), _col1 (type: string), _col4 (type: string)
              sort order: +++
              Map-reduce partition columns: _col0 (type: string), _col1 (type: string), _col4 (type: string)
              Statistics: Num rows: 91198486 Data size: 8072966870 Basic stats: COMPLETE Column stats: NONE
              value expressions: _col2 (type: string), _col3 (type: string), _col5 (type: string), _col6 (type: string)
      Reduce Operator Tree:
        Join Operator
          condition map:
               Inner Join 0 to 1
          keys:
            0 _col0 (type: string), _col1 (type: string), _col4 (type: string)
            1 _col0 (type: string), _col1 (type: string), _col2 (type: string)
          outputColumnNames: _col0, _col1, _col2, _col3, _col4, _col5, _col6
          Statistics: Num rows: 100318336 Data size: 8880263749 Basic stats: COMPLETE Column stats: NONE
          File Output Operator
            compressed: false
            table:
                input format: org.apache.hadoop.mapred.SequenceFileInputFormat
                output format: org.apache.hadoop.hive.ql.io.HiveSequenceFileOutputFormat
                serde: org.apache.hadoop.hive.serde2.lazybinary.LazyBinarySerDe

  Stage: Stage-19
    Map Reduce
      Map Operator Tree:
          TableScan
            Union
              Statistics: Num rows: 176317072 Data size: 15607735933 Basic stats: COMPLETE Column stats: NONE
              Group By Operator
                keys: _col0 (type: string), _col1 (type: string), _col2 (type: string), _col3 (type: string), _col4 (type: string), _col5 (type: string), _col6 (type: string)
                mode: hash
                outputColumnNames: _col0, _col1, _col2, _col3, _col4, _col5, _col6
                Statistics: Num rows: 176317072 Data size: 15607735933 Basic stats: COMPLETE Column stats: NONE
                Reduce Output Operator
                  key expressions: _col0 (type: string), _col1 (type: string), _col2 (type: string), _col3 (type: string), _col4 (type: string), _col5 (type: string), _col6 (type: string)
                  sort order: +++++++
                  Map-reduce partition columns: _col0 (type: string), _col1 (type: string), _col2 (type: string), _col3 (type: string), _col4 (type: string), _col5 (type: string), _col6 (type: string)
                  Statistics: Num rows: 176317072 Data size: 15607735933 Basic stats: COMPLETE Column stats: NONE
          TableScan
            Union
              Statistics: Num rows: 176317072 Data size: 15607735933 Basic stats: COMPLETE Column stats: NONE
              Group By Operator
                keys: _col0 (type: string), _col1 (type: string), _col2 (type: string), _col3 (type: string), _col4 (type: string), _col5 (type: string), _col6 (type: string)
                mode: hash
                outputColumnNames: _col0, _col1, _col2, _col3, _col4, _col5, _col6
                Statistics: Num rows: 176317072 Data size: 15607735933 Basic stats: COMPLETE Column stats: NONE
                Reduce Output Operator
                  key expressions: _col0 (type: string), _col1 (type: string), _col2 (type: string), _col3 (type: string), _col4 (type: string), _col5 (type: string), _col6 (type: string)
                  sort order: +++++++
                  Map-reduce partition columns: _col0 (type: string), _col1 (type: string), _col2 (type: string), _col3 (type: string), _col4 (type: string), _col5 (type: string), _col6 (type: string)
                  Statistics: Num rows: 176317072 Data size: 15607735933 Basic stats: COMPLETE Column stats: NONE
          TableScan
            Union
              Statistics: Num rows: 176317072 Data size: 15607735933 Basic stats: COMPLETE Column stats: NONE
              Group By Operator
                keys: _col0 (type: string), _col1 (type: string), _col2 (type: string), _col3 (type: string), _col4 (type: string), _col5 (type: string), _col6 (type: string)
                mode: hash
                outputColumnNames: _col0, _col1, _col2, _col3, _col4, _col5, _col6
                Statistics: Num rows: 176317072 Data size: 15607735933 Basic stats: COMPLETE Column stats: NONE
                Reduce Output Operator
                  key expressions: _col0 (type: string), _col1 (type: string), _col2 (type: string), _col3 (type: string), _col4 (type: string), _col5 (type: string), _col6 (type: string)
                  sort order: +++++++
                  Map-reduce partition columns: _col0 (type: string), _col1 (type: string), _col2 (type: string), _col3 (type: string), _col4 (type: string), _col5 (type: string), _col6 (type: string)
                  Statistics: Num rows: 176317072 Data size: 15607735933 Basic stats: COMPLETE Column stats: NONE
          TableScan
            Union
              Statistics: Num rows: 176317072 Data size: 15607735933 Basic stats: COMPLETE Column stats: NONE
              Group By Operator
                keys: _col0 (type: string), _col1 (type: string), _col2 (type: string), _col3 (type: string), _col4 (type: string), _col5 (type: string), _col6 (type: string)
                mode: hash
                outputColumnNames: _col0, _col1, _col2, _col3, _col4, _col5, _col6
                Statistics: Num rows: 176317072 Data size: 15607735933 Basic stats: COMPLETE Column stats: NONE
                Reduce Output Operator
                  key expressions: _col0 (type: string), _col1 (type: string), _col2 (type: string), _col3 (type: string), _col4 (type: string), _col5 (type: string), _col6 (type: string)
                  sort order: +++++++
                  Map-reduce partition columns: _col0 (type: string), _col1 (type: string), _col2 (type: string), _col3 (type: string), _col4 (type: string), _col5 (type: string), _col6 (type: string)
                  Statistics: Num rows: 176317072 Data size: 15607735933 Basic stats: COMPLETE Column stats: NONE
          TableScan
            Union
              Statistics: Num rows: 176317072 Data size: 15607735933 Basic stats: COMPLETE Column stats: NONE
              Group By Operator
                keys: _col0 (type: string), _col1 (type: string), _col2 (type: string), _col3 (type: string), _col4 (type: string), _col5 (type: string), _col6 (type: string)
                mode: hash
                outputColumnNames: _col0, _col1, _col2, _col3, _col4, _col5, _col6
                Statistics: Num rows: 176317072 Data size: 15607735933 Basic stats: COMPLETE Column stats: NONE
                Reduce Output Operator
                  key expressions: _col0 (type: string), _col1 (type: string), _col2 (type: string), _col3 (type: string), _col4 (type: string), _col5 (type: string), _col6 (type: string)
                  sort order: +++++++
                  Map-reduce partition columns: _col0 (type: string), _col1 (type: string), _col2 (type: string), _col3 (type: string), _col4 (type: string), _col5 (type: string), _col6 (type: string)
                  Statistics: Num rows: 176317072 Data size: 15607735933 Basic stats: COMPLETE Column stats: NONE
      Reduce Operator Tree:
        Group By Operator
          keys: KEY._col0 (type: string), KEY._col1 (type: string), KEY._col2 (type: string), KEY._col3 (type: string), KEY._col4 (type: string), KEY._col5 (type: string), KEY._col6 (type: string)
          mode: mergepartial
          outputColumnNames: _col0, _col1, _col2, _col3, _col4, _col5, _col6
          Statistics: Num rows: 88158536 Data size: 7803867966 Basic stats: COMPLETE Column stats: NONE
          File Output Operator
            compressed: false
            table:
                input format: org.apache.hadoop.mapred.SequenceFileInputFormat
                output format: org.apache.hadoop.hive.ql.io.HiveSequenceFileOutputFormat
                serde: org.apache.hadoop.hive.serde2.lazybinary.LazyBinarySerDe

  Stage: Stage-20
    Map Reduce
      Map Operator Tree:
          TableScan
            alias: mds_usr_cookie_phone_rela_his
            Statistics: Num rows: 75370647 Data size: 6671873158 Basic stats: COMPLETE Column stats: NONE
            Filter Operator
              predicate: ((platform) IN ('01', '02') and phone is not null) (type: boolean)
              Statistics: Num rows: 37685323 Data size: 3335936534 Basic stats: COMPLETE Column stats: NONE
              Select Operator
                expressions: phone (type: string), platform (type: string), data_src (type: string), cookie (type: string)
                outputColumnNames: phone, platform, data_src, cookie
                Statistics: Num rows: 37685323 Data size: 3335936534 Basic stats: COMPLETE Column stats: NONE
                Group By Operator
                  aggregations: count(DISTINCT cookie)
                  keys: phone (type: string), platform (type: string), data_src (type: string), cookie (type: string)
                  mode: hash
                  outputColumnNames: _col0, _col1, _col2, _col3, _col4
                  Statistics: Num rows: 37685323 Data size: 3335936534 Basic stats: COMPLETE Column stats: NONE
                  Reduce Output Operator
                    key expressions: _col0 (type: string), _col1 (type: string), _col2 (type: string), _col3 (type: string)
                    sort order: ++++
                    Map-reduce partition columns: _col0 (type: string), _col1 (type: string), _col2 (type: string)
                    Statistics: Num rows: 37685323 Data size: 3335936534 Basic stats: COMPLETE Column stats: NONE
      Reduce Operator Tree:
        Group By Operator
          aggregations: count(DISTINCT KEY._col3:0._col0)
          keys: KEY._col0 (type: string), KEY._col1 (type: string), KEY._col2 (type: string)
          mode: mergepartial
          outputColumnNames: _col0, _col1, _col2, _col3
          Statistics: Num rows: 18842661 Data size: 1667968222 Basic stats: COMPLETE Column stats: NONE
          Select Operator
            expressions: _col0 (type: string), _col3 (type: bigint)
            outputColumnNames: _col0, _col3
            Statistics: Num rows: 18842661 Data size: 1667968222 Basic stats: COMPLETE Column stats: NONE
            Filter Operator
              predicate: (_col3 > null) (type: boolean)
              Statistics: Num rows: 6280887 Data size: 555989407 Basic stats: COMPLETE Column stats: NONE
              Select Operator
                expressions: _col0 (type: string)
                outputColumnNames: _col0
                Statistics: Num rows: 6280887 Data size: 555989407 Basic stats: COMPLETE Column stats: NONE
                File Output Operator
                  compressed: false
                  table:
                      input format: org.apache.hadoop.mapred.SequenceFileInputFormat
                      output format: org.apache.hadoop.hive.ql.io.HiveSequenceFileOutputFormat
                      serde: org.apache.hadoop.hive.serde2.lazybinary.LazyBinarySerDe

  Stage: Stage-21
    Map Reduce
      Map Operator Tree:
          TableScan
            alias: mds_usr_cookie_phone_rela_his
            Statistics: Num rows: 75370647 Data size: 6671873158 Basic stats: COMPLETE Column stats: NONE
            Filter Operator
              predicate: ((platform) IN ('03') and phone is not null) (type: boolean)
              Statistics: Num rows: 37685323 Data size: 3335936534 Basic stats: COMPLETE Column stats: NONE
              Select Operator
                expressions: phone (type: string), platform (type: string), data_src (type: string), cookie (type: string)
                outputColumnNames: phone, platform, data_src, cookie
                Statistics: Num rows: 37685323 Data size: 3335936534 Basic stats: COMPLETE Column stats: NONE
                Group By Operator
                  aggregations: count(DISTINCT cookie)
                  keys: phone (type: string), platform (type: string), data_src (type: string), cookie (type: string)
                  mode: hash
                  outputColumnNames: _col0, _col1, _col2, _col3, _col4
                  Statistics: Num rows: 37685323 Data size: 3335936534 Basic stats: COMPLETE Column stats: NONE
                  Reduce Output Operator
                    key expressions: _col0 (type: string), _col1 (type: string), _col2 (type: string), _col3 (type: string)
                    sort order: ++++
                    Map-reduce partition columns: _col0 (type: string), _col1 (type: string), _col2 (type: string)
                    Statistics: Num rows: 37685323 Data size: 3335936534 Basic stats: COMPLETE Column stats: NONE
      Reduce Operator Tree:
        Group By Operator
          aggregations: count(DISTINCT KEY._col3:0._col0)
          keys: KEY._col0 (type: string), KEY._col1 (type: string), KEY._col2 (type: string)
          mode: mergepartial
          outputColumnNames: _col0, _col1, _col2, _col3
          Statistics: Num rows: 18842661 Data size: 1667968222 Basic stats: COMPLETE Column stats: NONE
          Select Operator
            expressions: _col0 (type: string), _col3 (type: bigint)
            outputColumnNames: _col0, _col3
            Statistics: Num rows: 18842661 Data size: 1667968222 Basic stats: COMPLETE Column stats: NONE
            Filter Operator
              predicate: (_col3 > null) (type: boolean)
              Statistics: Num rows: 6280887 Data size: 555989407 Basic stats: COMPLETE Column stats: NONE
              Select Operator
                expressions: _col0 (type: string)
                outputColumnNames: _col0
                Statistics: Num rows: 6280887 Data size: 555989407 Basic stats: COMPLETE Column stats: NONE
                File Output Operator
                  compressed: false
                  table:
                      input format: org.apache.hadoop.mapred.SequenceFileInputFormat
                      output format: org.apache.hadoop.hive.ql.io.HiveSequenceFileOutputFormat
                      serde: org.apache.hadoop.hive.serde2.lazybinary.LazyBinarySerDe

  Stage: Stage-23
    Map Reduce
      Map Operator Tree:
          TableScan
            alias: mds_usr_cookie_phone_rela_his
            Statistics: Num rows: 75370647 Data size: 6671873158 Basic stats: COMPLETE Column stats: NONE
            Filter Operator
              predicate: cookie is not null (type: boolean)
              Statistics: Num rows: 75370647 Data size: 6671873158 Basic stats: COMPLETE Column stats: NONE
              Select Operator
                expressions: cookie (type: string), platform (type: string), data_src (type: string), phone (type: string)
                outputColumnNames: cookie, platform, data_src, phone
                Statistics: Num rows: 75370647 Data size: 6671873158 Basic stats: COMPLETE Column stats: NONE
                Group By Operator
                  aggregations: count(DISTINCT phone)
                  keys: cookie (type: string), platform (type: string), data_src (type: string), phone (type: string)
                  mode: hash
                  outputColumnNames: _col0, _col1, _col2, _col3, _col4
                  Statistics: Num rows: 75370647 Data size: 6671873158 Basic stats: COMPLETE Column stats: NONE
                  Reduce Output Operator
                    key expressions: _col0 (type: string), _col1 (type: string), _col2 (type: string), _col3 (type: string)
                    sort order: ++++
                    Map-reduce partition columns: _col0 (type: string), _col1 (type: string), _col2 (type: string)
                    Statistics: Num rows: 75370647 Data size: 6671873158 Basic stats: COMPLETE Column stats: NONE
      Reduce Operator Tree:
        Group By Operator
          aggregations: count(DISTINCT KEY._col3:0._col0)
          keys: KEY._col0 (type: string), KEY._col1 (type: string), KEY._col2 (type: string)
          mode: mergepartial
          outputColumnNames: _col0, _col1, _col2, _col3
          Statistics: Num rows: 37685323 Data size: 3335936534 Basic stats: COMPLETE Column stats: NONE
          Select Operator
            expressions: _col0 (type: string), _col3 (type: bigint)
            outputColumnNames: _col0, _col3
            Statistics: Num rows: 37685323 Data size: 3335936534 Basic stats: COMPLETE Column stats: NONE
            Filter Operator
              predicate: (_col3 > null) (type: boolean)
              Statistics: Num rows: 12561774 Data size: 1111978815 Basic stats: COMPLETE Column stats: NONE
              Select Operator
                expressions: _col0 (type: string)
                outputColumnNames: _col0
                Statistics: Num rows: 12561774 Data size: 1111978815 Basic stats: COMPLETE Column stats: NONE
                File Output Operator
                  compressed: false
                  table:
                      input format: org.apache.hadoop.mapred.SequenceFileInputFormat
                      output format: org.apache.hadoop.hive.ql.io.HiveSequenceFileOutputFormat
                      serde: org.apache.hadoop.hive.serde2.lazybinary.LazyBinarySerDe

  Stage: Stage-24
    Map Reduce
      Map Operator Tree:
          TableScan
            Reduce Output Operator
              key expressions: _col0 (type: string)
              sort order: +
              Map-reduce partition columns: _col0 (type: string)
              Statistics: Num rows: 12561774 Data size: 1111978815 Basic stats: COMPLETE Column stats: NONE
          TableScan
            alias: a
            Statistics: Num rows: 75370647 Data size: 6671873158 Basic stats: COMPLETE Column stats: NONE
            Filter Operator
              predicate: ((cookie is not null and phone is not null) and first_time is not null) (type: boolean)
              Statistics: Num rows: 75370647 Data size: 6671873158 Basic stats: COMPLETE Column stats: NONE
              Reduce Output Operator
                key expressions: cookie (type: string)
                sort order: +
                Map-reduce partition columns: cookie (type: string)
                Statistics: Num rows: 75370647 Data size: 6671873158 Basic stats: COMPLETE Column stats: NONE
                value expressions: phone (type: string), platform (type: string), data_src (type: string), first_time (type: string), last_time (type: string), recent_flag (type: string)
      Reduce Operator Tree:
        Join Operator
          condition map:
               Left Outer Join0 to 1
          keys:
            0 cookie (type: string)
            1 _col0 (type: string)
          outputColumnNames: _col0, _col1, _col2, _col3, _col4, _col5, _col7, _col11
          Statistics: Num rows: 82907713 Data size: 7339060632 Basic stats: COMPLETE Column stats: NONE
          File Output Operator
            compressed: false
            table:
                input format: org.apache.hadoop.mapred.SequenceFileInputFormat
                output format: org.apache.hadoop.hive.ql.io.HiveSequenceFileOutputFormat
                serde: org.apache.hadoop.hive.serde2.lazybinary.LazyBinarySerDe

  Stage: Stage-25
    Map Reduce
      Map Operator Tree:
          TableScan
            Reduce Output Operator
              key expressions: _col1 (type: string)
              sort order: +
              Map-reduce partition columns: _col1 (type: string)
              Statistics: Num rows: 82907713 Data size: 7339060632 Basic stats: COMPLETE Column stats: NONE
              value expressions: _col0 (type: string), _col2 (type: string), _col3 (type: string), _col4 (type: string), _col5 (type: string), _col7 (type: string), _col11 (type: string)
          TableScan
            Reduce Output Operator
              key expressions: _col0 (type: string)
              sort order: +
              Map-reduce partition columns: _col0 (type: string)
              Statistics: Num rows: 6280887 Data size: 555989407 Basic stats: COMPLETE Column stats: NONE
          TableScan
            Reduce Output Operator
              key expressions: _col0 (type: string)
              sort order: +
              Map-reduce partition columns: _col0 (type: string)
              Statistics: Num rows: 6280887 Data size: 555989407 Basic stats: COMPLETE Column stats: NONE
      Reduce Operator Tree:
        Join Operator
          condition map:
               Left Outer Join0 to 1
               Left Outer Join0 to 2
          keys:
            0 _col1 (type: string)
            1 _col0 (type: string)
            2 _col0 (type: string)
          outputColumnNames: _col0, _col1, _col2, _col3, _col4, _col5, _col7, _col11, _col13, _col15
          Statistics: Num rows: 182396972 Data size: 16145933740 Basic stats: COMPLETE Column stats: NONE
          Select Operator
            expressions: _col0 (type: string), _col1 (type: string), _col2 (type: string), _col3 (type: string), _col4 (type: string), _col5 (type: string), _col7 (type: string), CASE WHEN ((_col11 is null and _col13 is null and _col15 is null)) THEN ('no') ELSE ('yes') END (type: string)
            outputColumnNames: _col0, _col1, _col2, _col3, _col4, _col5, _col6, _col7
            Statistics: Num rows: 182396972 Data size: 16145933740 Basic stats: COMPLETE Column stats: NONE
            Filter Operator
              predicate: (_col7 = 'yes') (type: boolean)
              Statistics: Num rows: 91198486 Data size: 8072966870 Basic stats: COMPLETE Column stats: NONE
              Select Operator
                expressions: _col0 (type: string), _col1 (type: string), _col2 (type: string), _col3 (type: string), _col4 (type: string), _col5 (type: string), _col6 (type: string)
                outputColumnNames: _col0, _col1, _col2, _col3, _col4, _col5, _col6
                Statistics: Num rows: 91198486 Data size: 8072966870 Basic stats: COMPLETE Column stats: NONE
                File Output Operator
                  compressed: false
                  table:
                      input format: org.apache.hadoop.mapred.SequenceFileInputFormat
                      output format: org.apache.hadoop.hive.ql.io.HiveSequenceFileOutputFormat
                      serde: org.apache.hadoop.hive.serde2.lazybinary.LazyBinarySerDe

  Stage: Stage-26
    Map Reduce
      Map Operator Tree:
          TableScan
            alias: mds_usr_cookie_phone_rela_his
            Statistics: Num rows: 75370647 Data size: 6671873158 Basic stats: COMPLETE Column stats: NONE
            Filter Operator
              predicate: ((platform) IN ('01', '02') and phone is not null) (type: boolean)
              Statistics: Num rows: 37685323 Data size: 3335936534 Basic stats: COMPLETE Column stats: NONE
              Select Operator
                expressions: phone (type: string), platform (type: string), data_src (type: string), cookie (type: string)
                outputColumnNames: phone, platform, data_src, cookie
                Statistics: Num rows: 37685323 Data size: 3335936534 Basic stats: COMPLETE Column stats: NONE
                Group By Operator
                  aggregations: count(DISTINCT cookie)
                  keys: phone (type: string), platform (type: string), data_src (type: string), cookie (type: string)
                  mode: hash
                  outputColumnNames: _col0, _col1, _col2, _col3, _col4
                  Statistics: Num rows: 37685323 Data size: 3335936534 Basic stats: COMPLETE Column stats: NONE
                  Reduce Output Operator
                    key expressions: _col0 (type: string), _col1 (type: string), _col2 (type: string), _col3 (type: string)
                    sort order: ++++
                    Map-reduce partition columns: _col0 (type: string), _col1 (type: string), _col2 (type: string)
                    Statistics: Num rows: 37685323 Data size: 3335936534 Basic stats: COMPLETE Column stats: NONE
      Reduce Operator Tree:
        Group By Operator
          aggregations: count(DISTINCT KEY._col3:0._col0)
          keys: KEY._col0 (type: string), KEY._col1 (type: string), KEY._col2 (type: string)
          mode: mergepartial
          outputColumnNames: _col0, _col1, _col2, _col3
          Statistics: Num rows: 18842661 Data size: 1667968222 Basic stats: COMPLETE Column stats: NONE
          Select Operator
            expressions: _col0 (type: string), _col3 (type: bigint)
            outputColumnNames: _col0, _col3
            Statistics: Num rows: 18842661 Data size: 1667968222 Basic stats: COMPLETE Column stats: NONE
            Filter Operator
              predicate: (_col3 > null) (type: boolean)
              Statistics: Num rows: 6280887 Data size: 555989407 Basic stats: COMPLETE Column stats: NONE
              Select Operator
                expressions: _col0 (type: string)
                outputColumnNames: _col0
                Statistics: Num rows: 6280887 Data size: 555989407 Basic stats: COMPLETE Column stats: NONE
                File Output Operator
                  compressed: false
                  table:
                      input format: org.apache.hadoop.mapred.SequenceFileInputFormat
                      output format: org.apache.hadoop.hive.ql.io.HiveSequenceFileOutputFormat
                      serde: org.apache.hadoop.hive.serde2.lazybinary.LazyBinarySerDe

  Stage: Stage-27
    Map Reduce
      Map Operator Tree:
          TableScan
            alias: mds_usr_cookie_phone_rela_his
            Statistics: Num rows: 75370647 Data size: 6671873158 Basic stats: COMPLETE Column stats: NONE
            Filter Operator
              predicate: ((platform) IN ('03') and phone is not null) (type: boolean)
              Statistics: Num rows: 37685323 Data size: 3335936534 Basic stats: COMPLETE Column stats: NONE
              Select Operator
                expressions: phone (type: string), platform (type: string), data_src (type: string), cookie (type: string)
                outputColumnNames: phone, platform, data_src, cookie
                Statistics: Num rows: 37685323 Data size: 3335936534 Basic stats: COMPLETE Column stats: NONE
                Group By Operator
                  aggregations: count(DISTINCT cookie)
                  keys: phone (type: string), platform (type: string), data_src (type: string), cookie (type: string)
                  mode: hash
                  outputColumnNames: _col0, _col1, _col2, _col3, _col4
                  Statistics: Num rows: 37685323 Data size: 3335936534 Basic stats: COMPLETE Column stats: NONE
                  Reduce Output Operator
                    key expressions: _col0 (type: string), _col1 (type: string), _col2 (type: string), _col3 (type: string)
                    sort order: ++++
                    Map-reduce partition columns: _col0 (type: string), _col1 (type: string), _col2 (type: string)
                    Statistics: Num rows: 37685323 Data size: 3335936534 Basic stats: COMPLETE Column stats: NONE
      Reduce Operator Tree:
        Group By Operator
          aggregations: count(DISTINCT KEY._col3:0._col0)
          keys: KEY._col0 (type: string), KEY._col1 (type: string), KEY._col2 (type: string)
          mode: mergepartial
          outputColumnNames: _col0, _col1, _col2, _col3
          Statistics: Num rows: 18842661 Data size: 1667968222 Basic stats: COMPLETE Column stats: NONE
          Select Operator
            expressions: _col0 (type: string), _col3 (type: bigint)
            outputColumnNames: _col0, _col3
            Statistics: Num rows: 18842661 Data size: 1667968222 Basic stats: COMPLETE Column stats: NONE
            Filter Operator
              predicate: (_col3 > null) (type: boolean)
              Statistics: Num rows: 6280887 Data size: 555989407 Basic stats: COMPLETE Column stats: NONE
              Select Operator
                expressions: _col0 (type: string)
                outputColumnNames: _col0
                Statistics: Num rows: 6280887 Data size: 555989407 Basic stats: COMPLETE Column stats: NONE
                File Output Operator
                  compressed: false
                  table:
                      input format: org.apache.hadoop.mapred.SequenceFileInputFormat
                      output format: org.apache.hadoop.hive.ql.io.HiveSequenceFileOutputFormat
                      serde: org.apache.hadoop.hive.serde2.lazybinary.LazyBinarySerDe

  Stage: Stage-29
    Map Reduce
      Map Operator Tree:
          TableScan
            alias: mds_usr_cookie_phone_rela_his
            Statistics: Num rows: 75370647 Data size: 6671873158 Basic stats: COMPLETE Column stats: NONE
            Select Operator
              expressions: cookie (type: string), platform (type: string), data_src (type: string), phone (type: string)
              outputColumnNames: cookie, platform, data_src, phone
              Statistics: Num rows: 75370647 Data size: 6671873158 Basic stats: COMPLETE Column stats: NONE
              Group By Operator
                aggregations: count(DISTINCT phone)
                keys: cookie (type: string), platform (type: string), data_src (type: string), phone (type: string)
                mode: hash
                outputColumnNames: _col0, _col1, _col2, _col3, _col4
                Statistics: Num rows: 75370647 Data size: 6671873158 Basic stats: COMPLETE Column stats: NONE
                Reduce Output Operator
                  key expressions: _col0 (type: string), _col1 (type: string), _col2 (type: string), _col3 (type: string)
                  sort order: ++++
                  Map-reduce partition columns: _col0 (type: string), _col1 (type: string), _col2 (type: string)
                  Statistics: Num rows: 75370647 Data size: 6671873158 Basic stats: COMPLETE Column stats: NONE
      Reduce Operator Tree:
        Group By Operator
          aggregations: count(DISTINCT KEY._col3:0._col0)
          keys: KEY._col0 (type: string), KEY._col1 (type: string), KEY._col2 (type: string)
          mode: mergepartial
          outputColumnNames: _col0, _col1, _col2, _col3
          Statistics: Num rows: 37685323 Data size: 3335936534 Basic stats: COMPLETE Column stats: NONE
          Select Operator
            expressions: _col0 (type: string), _col3 (type: bigint)
            outputColumnNames: _col0, _col3
            Statistics: Num rows: 37685323 Data size: 3335936534 Basic stats: COMPLETE Column stats: NONE
            Filter Operator
              predicate: (_col3 > null) (type: boolean)
              Statistics: Num rows: 12561774 Data size: 1111978815 Basic stats: COMPLETE Column stats: NONE
              Select Operator
                expressions: _col0 (type: string)
                outputColumnNames: _col0
                Statistics: Num rows: 12561774 Data size: 1111978815 Basic stats: COMPLETE Column stats: NONE
                File Output Operator
                  compressed: false
                  table:
                      input format: org.apache.hadoop.mapred.SequenceFileInputFormat
                      output format: org.apache.hadoop.hive.ql.io.HiveSequenceFileOutputFormat
                      serde: org.apache.hadoop.hive.serde2.lazybinary.LazyBinarySerDe

  Stage: Stage-30
    Map Reduce
      Map Operator Tree:
          TableScan
            Reduce Output Operator
              key expressions: _col0 (type: string)
              sort order: +
              Map-reduce partition columns: _col0 (type: string)
              Statistics: Num rows: 12561774 Data size: 1111978815 Basic stats: COMPLETE Column stats: NONE
          TableScan
            alias: a
            Statistics: Num rows: 75370647 Data size: 6671873158 Basic stats: COMPLETE Column stats: NONE
            Reduce Output Operator
              key expressions: cookie (type: string)
              sort order: +
              Map-reduce partition columns: cookie (type: string)
              Statistics: Num rows: 75370647 Data size: 6671873158 Basic stats: COMPLETE Column stats: NONE
              value expressions: phone (type: string), platform (type: string), data_src (type: string), first_time (type: string), last_time (type: string), recent_flag (type: string)
      Reduce Operator Tree:
        Join Operator
          condition map:
               Left Outer Join0 to 1
          keys:
            0 cookie (type: string)
            1 _col0 (type: string)
          outputColumnNames: _col0, _col1, _col2, _col3, _col4, _col5, _col7, _col11
          Statistics: Num rows: 82907713 Data size: 7339060632 Basic stats: COMPLETE Column stats: NONE
          File Output Operator
            compressed: false
            table:
                input format: org.apache.hadoop.mapred.SequenceFileInputFormat
                output format: org.apache.hadoop.hive.ql.io.HiveSequenceFileOutputFormat
                serde: org.apache.hadoop.hive.serde2.lazybinary.LazyBinarySerDe

  Stage: Stage-31
    Map Reduce
      Map Operator Tree:
          TableScan
            Reduce Output Operator
              key expressions: _col1 (type: string)
              sort order: +
              Map-reduce partition columns: _col1 (type: string)
              Statistics: Num rows: 82907713 Data size: 7339060632 Basic stats: COMPLETE Column stats: NONE
              value expressions: _col0 (type: string), _col2 (type: string), _col3 (type: string), _col4 (type: string), _col5 (type: string), _col7 (type: string), _col11 (type: string)
          TableScan
            Reduce Output Operator
              key expressions: _col0 (type: string)
              sort order: +
              Map-reduce partition columns: _col0 (type: string)
              Statistics: Num rows: 6280887 Data size: 555989407 Basic stats: COMPLETE Column stats: NONE
          TableScan
            Reduce Output Operator
              key expressions: _col0 (type: string)
              sort order: +
              Map-reduce partition columns: _col0 (type: string)
              Statistics: Num rows: 6280887 Data size: 555989407 Basic stats: COMPLETE Column stats: NONE
      Reduce Operator Tree:
        Join Operator
          condition map:
               Left Outer Join0 to 1
               Left Outer Join0 to 2
          keys:
            0 _col1 (type: string)
            1 _col0 (type: string)
            2 _col0 (type: string)
          outputColumnNames: _col0, _col1, _col2, _col3, _col4, _col5, _col7, _col11, _col13, _col15
          Statistics: Num rows: 182396972 Data size: 16145933740 Basic stats: COMPLETE Column stats: NONE
          Select Operator
            expressions: _col0 (type: string), _col1 (type: string), _col2 (type: string), _col3 (type: string), _col4 (type: string), _col5 (type: string), _col7 (type: string), CASE WHEN ((_col11 is null and _col13 is null and _col15 is null)) THEN ('no') ELSE ('yes') END (type: string)
            outputColumnNames: _col0, _col1, _col2, _col3, _col4, _col5, _col6, _col7
            Statistics: Num rows: 182396972 Data size: 16145933740 Basic stats: COMPLETE Column stats: NONE
            Filter Operator
              predicate: (_col7 = 'yes') (type: boolean)
              Statistics: Num rows: 91198486 Data size: 8072966870 Basic stats: COMPLETE Column stats: NONE
              Select Operator
                expressions: _col0 (type: string), _col1 (type: string), _col2 (type: string), _col3 (type: string), _col4 (type: string), _col5 (type: string), _col6 (type: string)
                outputColumnNames: _col0, _col1, _col2, _col3, _col4, _col5, _col6
                Statistics: Num rows: 91198486 Data size: 8072966870 Basic stats: COMPLETE Column stats: NONE
                File Output Operator
                  compressed: false
                  table:
                      input format: org.apache.hadoop.mapred.SequenceFileInputFormat
                      output format: org.apache.hadoop.hive.ql.io.HiveSequenceFileOutputFormat
                      serde: org.apache.hadoop.hive.serde2.lazybinary.LazyBinarySerDe

  Stage: Stage-32
    Map Reduce
      Map Operator Tree:
          TableScan
            Reduce Output Operator
              key expressions: _col0 (type: string), _col2 (type: string), _col5 (type: string)
              sort order: ++-
              Map-reduce partition columns: _col0 (type: string), _col2 (type: string)
              Statistics: Num rows: 91198486 Data size: 8072966870 Basic stats: COMPLETE Column stats: NONE
              value expressions: _col1 (type: string), _col3 (type: string), _col4 (type: string), _col6 (type: string)
      Reduce Operator Tree:
        Select Operator
          expressions: KEY.reducesinkkey0 (type: string), VALUE._col0 (type: string), KEY.reducesinkkey1 (type: string), VALUE._col1 (type: string), VALUE._col2 (type: string), KEY.reducesinkkey2 (type: string), VALUE._col3 (type: string)
          outputColumnNames: _col0, _col1, _col2, _col3, _col4, _col5, _col6
          Statistics: Num rows: 91198486 Data size: 8072966870 Basic stats: COMPLETE Column stats: NONE
          PTF Operator
            Function definitions:
                Input definition
                  input alias: ptf_0
                  output shape: _col0: string, _col1: string, _col2: string, _col3: string, _col4: string, _col5: string, _col6: string
                  type: WINDOWING
                Windowing table definition
                  input alias: ptf_1
                  name: windowingtablefunction
                  order by: _col5(DESC)
                  partition by: _col0, _col2
                  raw input shape:
                  window functions:
                      window function definition
                        alias: row_number_window_0
                        name: row_number
                        window function: GenericUDAFRowNumberEvaluator
                        window frame: PRECEDING(MAX)~FOLLOWING(MAX)
                        isPivotResult: true
            Statistics: Num rows: 91198486 Data size: 8072966870 Basic stats: COMPLETE Column stats: NONE
            Filter Operator
              predicate: (row_number_window_0 <= 3) (type: boolean)
              Statistics: Num rows: 30399495 Data size: 2690988927 Basic stats: COMPLETE Column stats: NONE
              Select Operator
                expressions: _col0 (type: string), _col1 (type: string), _col2 (type: string), _col3 (type: string), _col4 (type: string), _col5 (type: string), _col6 (type: string)
                outputColumnNames: _col0, _col1, _col2, _col3, _col4, _col5, _col6
                Statistics: Num rows: 30399495 Data size: 2690988927 Basic stats: COMPLETE Column stats: NONE
                File Output Operator
                  compressed: false
                  table:
                      input format: org.apache.hadoop.mapred.SequenceFileInputFormat
                      output format: org.apache.hadoop.hive.ql.io.HiveSequenceFileOutputFormat
                      serde: org.apache.hadoop.hive.serde2.lazybinary.LazyBinarySerDe

  Stage: Stage-33
    Map Reduce
      Map Operator Tree:
          TableScan
            alias: mds_usr_cookie_phone_rela_his
            Statistics: Num rows: 75370647 Data size: 6671873158 Basic stats: COMPLETE Column stats: NONE
            Filter Operator
              predicate: (platform) IN ('01', '02') (type: boolean)
              Statistics: Num rows: 37685323 Data size: 3335936534 Basic stats: COMPLETE Column stats: NONE
              Select Operator
                expressions: phone (type: string), platform (type: string), data_src (type: string), cookie (type: string)
                outputColumnNames: phone, platform, data_src, cookie
                Statistics: Num rows: 37685323 Data size: 3335936534 Basic stats: COMPLETE Column stats: NONE
                Group By Operator
                  aggregations: count(DISTINCT cookie)
                  keys: phone (type: string), platform (type: string), data_src (type: string), cookie (type: string)
                  mode: hash
                  outputColumnNames: _col0, _col1, _col2, _col3, _col4
                  Statistics: Num rows: 37685323 Data size: 3335936534 Basic stats: COMPLETE Column stats: NONE
                  Reduce Output Operator
                    key expressions: _col0 (type: string), _col1 (type: string), _col2 (type: string), _col3 (type: string)
                    sort order: ++++
                    Map-reduce partition columns: _col0 (type: string), _col1 (type: string), _col2 (type: string)
                    Statistics: Num rows: 37685323 Data size: 3335936534 Basic stats: COMPLETE Column stats: NONE
      Reduce Operator Tree:
        Group By Operator
          aggregations: count(DISTINCT KEY._col3:0._col0)
          keys: KEY._col0 (type: string), KEY._col1 (type: string), KEY._col2 (type: string)
          mode: mergepartial
          outputColumnNames: _col0, _col1, _col2, _col3
          Statistics: Num rows: 18842661 Data size: 1667968222 Basic stats: COMPLETE Column stats: NONE
          Select Operator
            expressions: _col0 (type: string), _col3 (type: bigint)
            outputColumnNames: _col0, _col3
            Statistics: Num rows: 18842661 Data size: 1667968222 Basic stats: COMPLETE Column stats: NONE
            Filter Operator
              predicate: (_col3 > null) (type: boolean)
              Statistics: Num rows: 6280887 Data size: 555989407 Basic stats: COMPLETE Column stats: NONE
              Select Operator
                expressions: _col0 (type: string)
                outputColumnNames: _col0
                Statistics: Num rows: 6280887 Data size: 555989407 Basic stats: COMPLETE Column stats: NONE
                File Output Operator
                  compressed: false
                  table:
                      input format: org.apache.hadoop.mapred.SequenceFileInputFormat
                      output format: org.apache.hadoop.hive.ql.io.HiveSequenceFileOutputFormat
                      serde: org.apache.hadoop.hive.serde2.lazybinary.LazyBinarySerDe

  Stage: Stage-34
    Map Reduce
      Map Operator Tree:
          TableScan
            alias: mds_usr_cookie_phone_rela_his
            Statistics: Num rows: 75370647 Data size: 6671873158 Basic stats: COMPLETE Column stats: NONE
            Filter Operator
              predicate: (platform) IN ('03') (type: boolean)
              Statistics: Num rows: 37685323 Data size: 3335936534 Basic stats: COMPLETE Column stats: NONE
              Select Operator
                expressions: phone (type: string), platform (type: string), data_src (type: string), cookie (type: string)
                outputColumnNames: phone, platform, data_src, cookie
                Statistics: Num rows: 37685323 Data size: 3335936534 Basic stats: COMPLETE Column stats: NONE
                Group By Operator
                  aggregations: count(DISTINCT cookie)
                  keys: phone (type: string), platform (type: string), data_src (type: string), cookie (type: string)
                  mode: hash
                  outputColumnNames: _col0, _col1, _col2, _col3, _col4
                  Statistics: Num rows: 37685323 Data size: 3335936534 Basic stats: COMPLETE Column stats: NONE
                  Reduce Output Operator
                    key expressions: _col0 (type: string), _col1 (type: string), _col2 (type: string), _col3 (type: string)
                    sort order: ++++
                    Map-reduce partition columns: _col0 (type: string), _col1 (type: string), _col2 (type: string)
                    Statistics: Num rows: 37685323 Data size: 3335936534 Basic stats: COMPLETE Column stats: NONE
      Reduce Operator Tree:
        Group By Operator
          aggregations: count(DISTINCT KEY._col3:0._col0)
          keys: KEY._col0 (type: string), KEY._col1 (type: string), KEY._col2 (type: string)
          mode: mergepartial
          outputColumnNames: _col0, _col1, _col2, _col3
          Statistics: Num rows: 18842661 Data size: 1667968222 Basic stats: COMPLETE Column stats: NONE
          Select Operator
            expressions: _col0 (type: string), _col3 (type: bigint)
            outputColumnNames: _col0, _col3
            Statistics: Num rows: 18842661 Data size: 1667968222 Basic stats: COMPLETE Column stats: NONE
            Filter Operator
              predicate: (_col3 > null) (type: boolean)
              Statistics: Num rows: 6280887 Data size: 555989407 Basic stats: COMPLETE Column stats: NONE
              Select Operator
                expressions: _col0 (type: string)
                outputColumnNames: _col0
                Statistics: Num rows: 6280887 Data size: 555989407 Basic stats: COMPLETE Column stats: NONE
                File Output Operator
                  compressed: false
                  table:
                      input format: org.apache.hadoop.mapred.SequenceFileInputFormat
                      output format: org.apache.hadoop.hive.ql.io.HiveSequenceFileOutputFormat
                      serde: org.apache.hadoop.hive.serde2.lazybinary.LazyBinarySerDe

  Stage: Stage-36
    Map Reduce
      Map Operator Tree:
          TableScan
            alias: mds_usr_cookie_phone_rela_his
            Statistics: Num rows: 75370647 Data size: 6671873158 Basic stats: COMPLETE Column stats: NONE
            Select Operator
              expressions: cookie (type: string), platform (type: string), data_src (type: string), phone (type: string)
              outputColumnNames: cookie, platform, data_src, phone
              Statistics: Num rows: 75370647 Data size: 6671873158 Basic stats: COMPLETE Column stats: NONE
              Group By Operator
                aggregations: count(DISTINCT phone)
                keys: cookie (type: string), platform (type: string), data_src (type: string), phone (type: string)
                mode: hash
                outputColumnNames: _col0, _col1, _col2, _col3, _col4
                Statistics: Num rows: 75370647 Data size: 6671873158 Basic stats: COMPLETE Column stats: NONE
                Reduce Output Operator
                  key expressions: _col0 (type: string), _col1 (type: string), _col2 (type: string), _col3 (type: string)
                  sort order: ++++
                  Map-reduce partition columns: _col0 (type: string), _col1 (type: string), _col2 (type: string)
                  Statistics: Num rows: 75370647 Data size: 6671873158 Basic stats: COMPLETE Column stats: NONE
      Reduce Operator Tree:
        Group By Operator
          aggregations: count(DISTINCT KEY._col3:0._col0)
          keys: KEY._col0 (type: string), KEY._col1 (type: string), KEY._col2 (type: string)
          mode: mergepartial
          outputColumnNames: _col0, _col1, _col2, _col3
          Statistics: Num rows: 37685323 Data size: 3335936534 Basic stats: COMPLETE Column stats: NONE
          Select Operator
            expressions: _col0 (type: string), _col3 (type: bigint)
            outputColumnNames: _col0, _col3
            Statistics: Num rows: 37685323 Data size: 3335936534 Basic stats: COMPLETE Column stats: NONE
            Filter Operator
              predicate: (_col3 > null) (type: boolean)
              Statistics: Num rows: 12561774 Data size: 1111978815 Basic stats: COMPLETE Column stats: NONE
              Select Operator
                expressions: _col0 (type: string)
                outputColumnNames: _col0
                Statistics: Num rows: 12561774 Data size: 1111978815 Basic stats: COMPLETE Column stats: NONE
                File Output Operator
                  compressed: false
                  table:
                      input format: org.apache.hadoop.mapred.SequenceFileInputFormat
                      output format: org.apache.hadoop.hive.ql.io.HiveSequenceFileOutputFormat
                      serde: org.apache.hadoop.hive.serde2.lazybinary.LazyBinarySerDe

  Stage: Stage-37
    Map Reduce
      Map Operator Tree:
          TableScan
            Reduce Output Operator
              key expressions: _col0 (type: string)
              sort order: +
              Map-reduce partition columns: _col0 (type: string)
              Statistics: Num rows: 12561774 Data size: 1111978815 Basic stats: COMPLETE Column stats: NONE
          TableScan
            alias: a
            Statistics: Num rows: 75370647 Data size: 6671873158 Basic stats: COMPLETE Column stats: NONE
            Reduce Output Operator
              key expressions: cookie (type: string)
              sort order: +
              Map-reduce partition columns: cookie (type: string)
              Statistics: Num rows: 75370647 Data size: 6671873158 Basic stats: COMPLETE Column stats: NONE
              value expressions: phone (type: string), platform (type: string), data_src (type: string), first_time (type: string), last_time (type: string), recent_flag (type: string)
      Reduce Operator Tree:
        Join Operator
          condition map:
               Left Outer Join0 to 1
          keys:
            0 cookie (type: string)
            1 _col0 (type: string)
          outputColumnNames: _col0, _col1, _col2, _col3, _col4, _col5, _col7, _col11
          Statistics: Num rows: 82907713 Data size: 7339060632 Basic stats: COMPLETE Column stats: NONE
          File Output Operator
            compressed: false
            table:
                input format: org.apache.hadoop.mapred.SequenceFileInputFormat
                output format: org.apache.hadoop.hive.ql.io.HiveSequenceFileOutputFormat
                serde: org.apache.hadoop.hive.serde2.lazybinary.LazyBinarySerDe

  Stage: Stage-38
    Map Reduce
      Map Operator Tree:
          TableScan
            Reduce Output Operator
              key expressions: _col1 (type: string)
              sort order: +
              Map-reduce partition columns: _col1 (type: string)
              Statistics: Num rows: 82907713 Data size: 7339060632 Basic stats: COMPLETE Column stats: NONE
              value expressions: _col0 (type: string), _col2 (type: string), _col3 (type: string), _col4 (type: string), _col5 (type: string), _col7 (type: string), _col11 (type: string)
          TableScan
            Reduce Output Operator
              key expressions: _col0 (type: string)
              sort order: +
              Map-reduce partition columns: _col0 (type: string)
              Statistics: Num rows: 6280887 Data size: 555989407 Basic stats: COMPLETE Column stats: NONE
          TableScan
            Reduce Output Operator
              key expressions: _col0 (type: string)
              sort order: +
              Map-reduce partition columns: _col0 (type: string)
              Statistics: Num rows: 6280887 Data size: 555989407 Basic stats: COMPLETE Column stats: NONE
      Reduce Operator Tree:
        Join Operator
          condition map:
               Left Outer Join0 to 1
               Left Outer Join0 to 2
          keys:
            0 _col1 (type: string)
            1 _col0 (type: string)
            2 _col0 (type: string)
          outputColumnNames: _col0, _col1, _col2, _col3, _col4, _col5, _col7, _col11, _col13, _col15
          Statistics: Num rows: 182396972 Data size: 16145933740 Basic stats: COMPLETE Column stats: NONE
          Select Operator
            expressions: _col0 (type: string), _col1 (type: string), _col2 (type: string), _col3 (type: string), _col4 (type: string), _col5 (type: string), _col7 (type: string), CASE WHEN ((_col11 is null and _col13 is null and _col15 is null)) THEN ('no') ELSE ('yes') END (type: string)
            outputColumnNames: _col0, _col1, _col2, _col3, _col4, _col5, _col6, _col7
            Statistics: Num rows: 182396972 Data size: 16145933740 Basic stats: COMPLETE Column stats: NONE
            Filter Operator
              predicate: (_col7 = 'yes') (type: boolean)
              Statistics: Num rows: 91198486 Data size: 8072966870 Basic stats: COMPLETE Column stats: NONE
              Select Operator
                expressions: _col0 (type: string), _col1 (type: string), _col2 (type: string), _col3 (type: string), _col4 (type: string), _col5 (type: string), _col6 (type: string)
                outputColumnNames: _col0, _col1, _col2, _col3, _col4, _col5, _col6
                Statistics: Num rows: 91198486 Data size: 8072966870 Basic stats: COMPLETE Column stats: NONE
                File Output Operator
                  compressed: false
                  table:
                      input format: org.apache.hadoop.mapred.SequenceFileInputFormat
                      output format: org.apache.hadoop.hive.ql.io.HiveSequenceFileOutputFormat
                      serde: org.apache.hadoop.hive.serde2.lazybinary.LazyBinarySerDe

  Stage: Stage-39
    Map Reduce
      Map Operator Tree:
          TableScan
            Reduce Output Operator
              key expressions: _col1 (type: string), _col2 (type: string), _col5 (type: string)
              sort order: ++-
              Map-reduce partition columns: _col1 (type: string), _col2 (type: string)
              Statistics: Num rows: 91198486 Data size: 8072966870 Basic stats: COMPLETE Column stats: NONE
              value expressions: _col0 (type: string), _col3 (type: string), _col4 (type: string), _col6 (type: string)
      Reduce Operator Tree:
        Select Operator
          expressions: VALUE._col0 (type: string), KEY.reducesinkkey0 (type: string), KEY.reducesinkkey1 (type: string), VALUE._col1 (type: string), VALUE._col2 (type: string), KEY.reducesinkkey2 (type: string), VALUE._col3 (type: string)
          outputColumnNames: _col0, _col1, _col2, _col3, _col4, _col5, _col6
          Statistics: Num rows: 91198486 Data size: 8072966870 Basic stats: COMPLETE Column stats: NONE
          PTF Operator
            Function definitions:
                Input definition
                  input alias: ptf_0
                  output shape: _col0: string, _col1: string, _col2: string, _col3: string, _col4: string, _col5: string, _col6: string
                  type: WINDOWING
                Windowing table definition
                  input alias: ptf_1
                  name: windowingtablefunction
                  order by: _col5(DESC)
                  partition by: _col1, _col2
                  raw input shape:
                  window functions:
                      window function definition
                        alias: row_number_window_0
                        name: row_number
                        window function: GenericUDAFRowNumberEvaluator
                        window frame: PRECEDING(MAX)~FOLLOWING(MAX)
                        isPivotResult: true
            Statistics: Num rows: 91198486 Data size: 8072966870 Basic stats: COMPLETE Column stats: NONE
            Filter Operator
              predicate: ((row_number_window_0 <= 10) and (upper(_col2) = 'PC')) (type: boolean)
              Statistics: Num rows: 15199747 Data size: 1345494419 Basic stats: COMPLETE Column stats: NONE
              Select Operator
                expressions: _col0 (type: string), _col1 (type: string), _col2 (type: string), _col3 (type: string), _col4 (type: string), _col5 (type: string), _col6 (type: string)
                outputColumnNames: _col0, _col1, _col2, _col3, _col4, _col5, _col6
                Statistics: Num rows: 15199747 Data size: 1345494419 Basic stats: COMPLETE Column stats: NONE
                File Output Operator
                  compressed: false
                  table:
                      input format: org.apache.hadoop.mapred.SequenceFileInputFormat
                      output format: org.apache.hadoop.hive.ql.io.HiveSequenceFileOutputFormat
                      serde: org.apache.hadoop.hive.serde2.lazybinary.LazyBinarySerDe

  Stage: Stage-40
    Map Reduce
      Map Operator Tree:
          TableScan
            alias: mds_usr_cookie_phone_rela_his
            Statistics: Num rows: 75370647 Data size: 6671873158 Basic stats: COMPLETE Column stats: NONE
            Filter Operator
              predicate: (platform) IN ('01', '02') (type: boolean)
              Statistics: Num rows: 37685323 Data size: 3335936534 Basic stats: COMPLETE Column stats: NONE
              Select Operator
                expressions: phone (type: string), platform (type: string), data_src (type: string), cookie (type: string)
                outputColumnNames: phone, platform, data_src, cookie
                Statistics: Num rows: 37685323 Data size: 3335936534 Basic stats: COMPLETE Column stats: NONE
                Group By Operator
                  aggregations: count(DISTINCT cookie)
                  keys: phone (type: string), platform (type: string), data_src (type: string), cookie (type: string)
                  mode: hash
                  outputColumnNames: _col0, _col1, _col2, _col3, _col4
                  Statistics: Num rows: 37685323 Data size: 3335936534 Basic stats: COMPLETE Column stats: NONE
                  Reduce Output Operator
                    key expressions: _col0 (type: string), _col1 (type: string), _col2 (type: string), _col3 (type: string)
                    sort order: ++++
                    Map-reduce partition columns: _col0 (type: string), _col1 (type: string), _col2 (type: string)
                    Statistics: Num rows: 37685323 Data size: 3335936534 Basic stats: COMPLETE Column stats: NONE
      Reduce Operator Tree:
        Group By Operator
          aggregations: count(DISTINCT KEY._col3:0._col0)
          keys: KEY._col0 (type: string), KEY._col1 (type: string), KEY._col2 (type: string)
          mode: mergepartial
          outputColumnNames: _col0, _col1, _col2, _col3
          Statistics: Num rows: 18842661 Data size: 1667968222 Basic stats: COMPLETE Column stats: NONE
          Select Operator
            expressions: _col0 (type: string), _col3 (type: bigint)
            outputColumnNames: _col0, _col3
            Statistics: Num rows: 18842661 Data size: 1667968222 Basic stats: COMPLETE Column stats: NONE
            Filter Operator
              predicate: (_col3 > null) (type: boolean)
              Statistics: Num rows: 6280887 Data size: 555989407 Basic stats: COMPLETE Column stats: NONE
              Select Operator
                expressions: _col0 (type: string)
                outputColumnNames: _col0
                Statistics: Num rows: 6280887 Data size: 555989407 Basic stats: COMPLETE Column stats: NONE
                File Output Operator
                  compressed: false
                  table:
                      input format: org.apache.hadoop.mapred.SequenceFileInputFormat
                      output format: org.apache.hadoop.hive.ql.io.HiveSequenceFileOutputFormat
                      serde: org.apache.hadoop.hive.serde2.lazybinary.LazyBinarySerDe

  Stage: Stage-41
    Map Reduce
      Map Operator Tree:
          TableScan
            alias: mds_usr_cookie_phone_rela_his
            Statistics: Num rows: 75370647 Data size: 6671873158 Basic stats: COMPLETE Column stats: NONE
            Filter Operator
              predicate: (platform) IN ('03') (type: boolean)
              Statistics: Num rows: 37685323 Data size: 3335936534 Basic stats: COMPLETE Column stats: NONE
              Select Operator
                expressions: phone (type: string), platform (type: string), data_src (type: string), cookie (type: string)
                outputColumnNames: phone, platform, data_src, cookie
                Statistics: Num rows: 37685323 Data size: 3335936534 Basic stats: COMPLETE Column stats: NONE
                Group By Operator
                  aggregations: count(DISTINCT cookie)
                  keys: phone (type: string), platform (type: string), data_src (type: string), cookie (type: string)
                  mode: hash
                  outputColumnNames: _col0, _col1, _col2, _col3, _col4
                  Statistics: Num rows: 37685323 Data size: 3335936534 Basic stats: COMPLETE Column stats: NONE
                  Reduce Output Operator
                    key expressions: _col0 (type: string), _col1 (type: string), _col2 (type: string), _col3 (type: string)
                    sort order: ++++
                    Map-reduce partition columns: _col0 (type: string), _col1 (type: string), _col2 (type: string)
                    Statistics: Num rows: 37685323 Data size: 3335936534 Basic stats: COMPLETE Column stats: NONE
      Reduce Operator Tree:
        Group By Operator
          aggregations: count(DISTINCT KEY._col3:0._col0)
          keys: KEY._col0 (type: string), KEY._col1 (type: string), KEY._col2 (type: string)
          mode: mergepartial
          outputColumnNames: _col0, _col1, _col2, _col3
          Statistics: Num rows: 18842661 Data size: 1667968222 Basic stats: COMPLETE Column stats: NONE
          Select Operator
            expressions: _col0 (type: string), _col3 (type: bigint)
            outputColumnNames: _col0, _col3
            Statistics: Num rows: 18842661 Data size: 1667968222 Basic stats: COMPLETE Column stats: NONE
            Filter Operator
              predicate: (_col3 > null) (type: boolean)
              Statistics: Num rows: 6280887 Data size: 555989407 Basic stats: COMPLETE Column stats: NONE
              Select Operator
                expressions: _col0 (type: string)
                outputColumnNames: _col0
                Statistics: Num rows: 6280887 Data size: 555989407 Basic stats: COMPLETE Column stats: NONE
                File Output Operator
                  compressed: false
                  table:
                      input format: org.apache.hadoop.mapred.SequenceFileInputFormat
                      output format: org.apache.hadoop.hive.ql.io.HiveSequenceFileOutputFormat
                      serde: org.apache.hadoop.hive.serde2.lazybinary.LazyBinarySerDe

  Stage: Stage-43
    Map Reduce
      Map Operator Tree:
          TableScan
            alias: mds_usr_cookie_phone_rela_his
            Statistics: Num rows: 75370647 Data size: 6671873158 Basic stats: COMPLETE Column stats: NONE
            Select Operator
              expressions: cookie (type: string), platform (type: string), data_src (type: string), phone (type: string)
              outputColumnNames: cookie, platform, data_src, phone
              Statistics: Num rows: 75370647 Data size: 6671873158 Basic stats: COMPLETE Column stats: NONE
              Group By Operator
                aggregations: count(DISTINCT phone)
                keys: cookie (type: string), platform (type: string), data_src (type: string), phone (type: string)
                mode: hash
                outputColumnNames: _col0, _col1, _col2, _col3, _col4
                Statistics: Num rows: 75370647 Data size: 6671873158 Basic stats: COMPLETE Column stats: NONE
                Reduce Output Operator
                  key expressions: _col0 (type: string), _col1 (type: string), _col2 (type: string), _col3 (type: string)
                  sort order: ++++
                  Map-reduce partition columns: _col0 (type: string), _col1 (type: string), _col2 (type: string)
                  Statistics: Num rows: 75370647 Data size: 6671873158 Basic stats: COMPLETE Column stats: NONE
      Reduce Operator Tree:
        Group By Operator
          aggregations: count(DISTINCT KEY._col3:0._col0)
          keys: KEY._col0 (type: string), KEY._col1 (type: string), KEY._col2 (type: string)
          mode: mergepartial
          outputColumnNames: _col0, _col1, _col2, _col3
          Statistics: Num rows: 37685323 Data size: 3335936534 Basic stats: COMPLETE Column stats: NONE
          Select Operator
            expressions: _col0 (type: string), _col3 (type: bigint)
            outputColumnNames: _col0, _col3
            Statistics: Num rows: 37685323 Data size: 3335936534 Basic stats: COMPLETE Column stats: NONE
            Filter Operator
              predicate: (_col3 > null) (type: boolean)
              Statistics: Num rows: 12561774 Data size: 1111978815 Basic stats: COMPLETE Column stats: NONE
              Select Operator
                expressions: _col0 (type: string)
                outputColumnNames: _col0
                Statistics: Num rows: 12561774 Data size: 1111978815 Basic stats: COMPLETE Column stats: NONE
                File Output Operator
                  compressed: false
                  table:
                      input format: org.apache.hadoop.mapred.SequenceFileInputFormat
                      output format: org.apache.hadoop.hive.ql.io.HiveSequenceFileOutputFormat
                      serde: org.apache.hadoop.hive.serde2.lazybinary.LazyBinarySerDe

  Stage: Stage-44
    Map Reduce
      Map Operator Tree:
          TableScan
            Reduce Output Operator
              key expressions: _col0 (type: string)
              sort order: +
              Map-reduce partition columns: _col0 (type: string)
              Statistics: Num rows: 12561774 Data size: 1111978815 Basic stats: COMPLETE Column stats: NONE
          TableScan
            alias: a
            Statistics: Num rows: 75370647 Data size: 6671873158 Basic stats: COMPLETE Column stats: NONE
            Reduce Output Operator
              key expressions: cookie (type: string)
              sort order: +
              Map-reduce partition columns: cookie (type: string)
              Statistics: Num rows: 75370647 Data size: 6671873158 Basic stats: COMPLETE Column stats: NONE
              value expressions: phone (type: string), platform (type: string), data_src (type: string), first_time (type: string), last_time (type: string), recent_flag (type: string)
      Reduce Operator Tree:
        Join Operator
          condition map:
               Left Outer Join0 to 1
          keys:
            0 cookie (type: string)
            1 _col0 (type: string)
          outputColumnNames: _col0, _col1, _col2, _col3, _col4, _col5, _col7, _col11
          Statistics: Num rows: 82907713 Data size: 7339060632 Basic stats: COMPLETE Column stats: NONE
          File Output Operator
            compressed: false
            table:
                input format: org.apache.hadoop.mapred.SequenceFileInputFormat
                output format: org.apache.hadoop.hive.ql.io.HiveSequenceFileOutputFormat
                serde: org.apache.hadoop.hive.serde2.lazybinary.LazyBinarySerDe

  Stage: Stage-45
    Map Reduce
      Map Operator Tree:
          TableScan
            Reduce Output Operator
              key expressions: _col1 (type: string)
              sort order: +
              Map-reduce partition columns: _col1 (type: string)
              Statistics: Num rows: 82907713 Data size: 7339060632 Basic stats: COMPLETE Column stats: NONE
              value expressions: _col0 (type: string), _col2 (type: string), _col3 (type: string), _col4 (type: string), _col5 (type: string), _col7 (type: string), _col11 (type: string)
          TableScan
            Reduce Output Operator
              key expressions: _col0 (type: string)
              sort order: +
              Map-reduce partition columns: _col0 (type: string)
              Statistics: Num rows: 6280887 Data size: 555989407 Basic stats: COMPLETE Column stats: NONE
          TableScan
            Reduce Output Operator
              key expressions: _col0 (type: string)
              sort order: +
              Map-reduce partition columns: _col0 (type: string)
              Statistics: Num rows: 6280887 Data size: 555989407 Basic stats: COMPLETE Column stats: NONE
      Reduce Operator Tree:
        Join Operator
          condition map:
               Left Outer Join0 to 1
               Left Outer Join0 to 2
          keys:
            0 _col1 (type: string)
            1 _col0 (type: string)
            2 _col0 (type: string)
          outputColumnNames: _col0, _col1, _col2, _col3, _col4, _col5, _col7, _col11, _col13, _col15
          Statistics: Num rows: 182396972 Data size: 16145933740 Basic stats: COMPLETE Column stats: NONE
          Select Operator
            expressions: _col0 (type: string), _col1 (type: string), _col2 (type: string), _col3 (type: string), _col4 (type: string), _col5 (type: string), _col7 (type: string), CASE WHEN ((_col11 is null and _col13 is null and _col15 is null)) THEN ('no') ELSE ('yes') END (type: string)
            outputColumnNames: _col0, _col1, _col2, _col3, _col4, _col5, _col6, _col7
            Statistics: Num rows: 182396972 Data size: 16145933740 Basic stats: COMPLETE Column stats: NONE
            Filter Operator
              predicate: (_col7 = 'yes') (type: boolean)
              Statistics: Num rows: 91198486 Data size: 8072966870 Basic stats: COMPLETE Column stats: NONE
              Select Operator
                expressions: _col0 (type: string), _col1 (type: string), _col2 (type: string), _col3 (type: string), _col4 (type: string), _col5 (type: string), _col6 (type: string)
                outputColumnNames: _col0, _col1, _col2, _col3, _col4, _col5, _col6
                Statistics: Num rows: 91198486 Data size: 8072966870 Basic stats: COMPLETE Column stats: NONE
                File Output Operator
                  compressed: false
                  table:
                      input format: org.apache.hadoop.mapred.SequenceFileInputFormat
                      output format: org.apache.hadoop.hive.ql.io.HiveSequenceFileOutputFormat
                      serde: org.apache.hadoop.hive.serde2.lazybinary.LazyBinarySerDe

  Stage: Stage-46
    Map Reduce
      Map Operator Tree:
          TableScan
            Reduce Output Operator
              key expressions: _col1 (type: string), _col2 (type: string), _col5 (type: string)
              sort order: ++-
              Map-reduce partition columns: _col1 (type: string), _col2 (type: string)
              Statistics: Num rows: 91198486 Data size: 8072966870 Basic stats: COMPLETE Column stats: NONE
              value expressions: _col0 (type: string), _col3 (type: string), _col4 (type: string), _col6 (type: string)
      Reduce Operator Tree:
        Select Operator
          expressions: VALUE._col0 (type: string), KEY.reducesinkkey0 (type: string), KEY.reducesinkkey1 (type: string), VALUE._col1 (type: string), VALUE._col2 (type: string), KEY.reducesinkkey2 (type: string), VALUE._col3 (type: string)
          outputColumnNames: _col0, _col1, _col2, _col3, _col4, _col5, _col6
          Statistics: Num rows: 91198486 Data size: 8072966870 Basic stats: COMPLETE Column stats: NONE
          PTF Operator
            Function definitions:
                Input definition
                  input alias: ptf_0
                  output shape: _col0: string, _col1: string, _col2: string, _col3: string, _col4: string, _col5: string, _col6: string
                  type: WINDOWING
                Windowing table definition
                  input alias: ptf_1
                  name: windowingtablefunction
                  order by: _col5(DESC)
                  partition by: _col1, _col2
                  raw input shape:
                  window functions:
                      window function definition
                        alias: row_number_window_0
                        name: row_number
                        window function: GenericUDAFRowNumberEvaluator
                        window frame: PRECEDING(MAX)~FOLLOWING(MAX)
                        isPivotResult: true
            Statistics: Num rows: 91198486 Data size: 8072966870 Basic stats: COMPLETE Column stats: NONE
            Filter Operator
              predicate: ((row_number_window_0 <= 12) and (upper(_col2) = 'M')) (type: boolean)
              Statistics: Num rows: 15199747 Data size: 1345494419 Basic stats: COMPLETE Column stats: NONE
              Select Operator
                expressions: _col0 (type: string), _col1 (type: string), _col2 (type: string), _col3 (type: string), _col4 (type: string), _col5 (type: string), _col6 (type: string)
                outputColumnNames: _col0, _col1, _col2, _col3, _col4, _col5, _col6
                Statistics: Num rows: 15199747 Data size: 1345494419 Basic stats: COMPLETE Column stats: NONE
                File Output Operator
                  compressed: false
                  table:
                      input format: org.apache.hadoop.mapred.SequenceFileInputFormat
                      output format: org.apache.hadoop.hive.ql.io.HiveSequenceFileOutputFormat
                      serde: org.apache.hadoop.hive.serde2.lazybinary.LazyBinarySerDe

  Stage: Stage-47
    Map Reduce
      Map Operator Tree:
          TableScan
            alias: mds_usr_cookie_phone_rela_his
            Statistics: Num rows: 75370647 Data size: 6671873158 Basic stats: COMPLETE Column stats: NONE
            Filter Operator
              predicate: (platform) IN ('01', '02') (type: boolean)
              Statistics: Num rows: 37685323 Data size: 3335936534 Basic stats: COMPLETE Column stats: NONE
              Select Operator
                expressions: phone (type: string), platform (type: string), data_src (type: string), cookie (type: string)
                outputColumnNames: phone, platform, data_src, cookie
                Statistics: Num rows: 37685323 Data size: 3335936534 Basic stats: COMPLETE Column stats: NONE
                Group By Operator
                  aggregations: count(DISTINCT cookie)
                  keys: phone (type: string), platform (type: string), data_src (type: string), cookie (type: string)
                  mode: hash
                  outputColumnNames: _col0, _col1, _col2, _col3, _col4
                  Statistics: Num rows: 37685323 Data size: 3335936534 Basic stats: COMPLETE Column stats: NONE
                  Reduce Output Operator
                    key expressions: _col0 (type: string), _col1 (type: string), _col2 (type: string), _col3 (type: string)
                    sort order: ++++
                    Map-reduce partition columns: _col0 (type: string), _col1 (type: string), _col2 (type: string)
                    Statistics: Num rows: 37685323 Data size: 3335936534 Basic stats: COMPLETE Column stats: NONE
      Reduce Operator Tree:
        Group By Operator
          aggregations: count(DISTINCT KEY._col3:0._col0)
          keys: KEY._col0 (type: string), KEY._col1 (type: string), KEY._col2 (type: string)
          mode: mergepartial
          outputColumnNames: _col0, _col1, _col2, _col3
          Statistics: Num rows: 18842661 Data size: 1667968222 Basic stats: COMPLETE Column stats: NONE
          Select Operator
            expressions: _col0 (type: string), _col3 (type: bigint)
            outputColumnNames: _col0, _col3
            Statistics: Num rows: 18842661 Data size: 1667968222 Basic stats: COMPLETE Column stats: NONE
            Filter Operator
              predicate: (_col3 > null) (type: boolean)
              Statistics: Num rows: 6280887 Data size: 555989407 Basic stats: COMPLETE Column stats: NONE
              Select Operator
                expressions: _col0 (type: string)
                outputColumnNames: _col0
                Statistics: Num rows: 6280887 Data size: 555989407 Basic stats: COMPLETE Column stats: NONE
                File Output Operator
                  compressed: false
                  table:
                      input format: org.apache.hadoop.mapred.SequenceFileInputFormat
                      output format: org.apache.hadoop.hive.ql.io.HiveSequenceFileOutputFormat
                      serde: org.apache.hadoop.hive.serde2.lazybinary.LazyBinarySerDe

  Stage: Stage-48
    Map Reduce
      Map Operator Tree:
          TableScan
            alias: mds_usr_cookie_phone_rela_his
            Statistics: Num rows: 75370647 Data size: 6671873158 Basic stats: COMPLETE Column stats: NONE
            Filter Operator
              predicate: (platform) IN ('03') (type: boolean)
              Statistics: Num rows: 37685323 Data size: 3335936534 Basic stats: COMPLETE Column stats: NONE
              Select Operator
                expressions: phone (type: string), platform (type: string), data_src (type: string), cookie (type: string)
                outputColumnNames: phone, platform, data_src, cookie
                Statistics: Num rows: 37685323 Data size: 3335936534 Basic stats: COMPLETE Column stats: NONE
                Group By Operator
                  aggregations: count(DISTINCT cookie)
                  keys: phone (type: string), platform (type: string), data_src (type: string), cookie (type: string)
                  mode: hash
                  outputColumnNames: _col0, _col1, _col2, _col3, _col4
                  Statistics: Num rows: 37685323 Data size: 3335936534 Basic stats: COMPLETE Column stats: NONE
                  Reduce Output Operator
                    key expressions: _col0 (type: string), _col1 (type: string), _col2 (type: string), _col3 (type: string)
                    sort order: ++++
                    Map-reduce partition columns: _col0 (type: string), _col1 (type: string), _col2 (type: string)
                    Statistics: Num rows: 37685323 Data size: 3335936534 Basic stats: COMPLETE Column stats: NONE
      Reduce Operator Tree:
        Group By Operator
          aggregations: count(DISTINCT KEY._col3:0._col0)
          keys: KEY._col0 (type: string), KEY._col1 (type: string), KEY._col2 (type: string)
          mode: mergepartial
          outputColumnNames: _col0, _col1, _col2, _col3
          Statistics: Num rows: 18842661 Data size: 1667968222 Basic stats: COMPLETE Column stats: NONE
          Select Operator
            expressions: _col0 (type: string), _col3 (type: bigint)
            outputColumnNames: _col0, _col3
            Statistics: Num rows: 18842661 Data size: 1667968222 Basic stats: COMPLETE Column stats: NONE
            Filter Operator
              predicate: (_col3 > null) (type: boolean)
              Statistics: Num rows: 6280887 Data size: 555989407 Basic stats: COMPLETE Column stats: NONE
              Select Operator
                expressions: _col0 (type: string)
                outputColumnNames: _col0
                Statistics: Num rows: 6280887 Data size: 555989407 Basic stats: COMPLETE Column stats: NONE
                File Output Operator
                  compressed: false
                  table:
                      input format: org.apache.hadoop.mapred.SequenceFileInputFormat
                      output format: org.apache.hadoop.hive.ql.io.HiveSequenceFileOutputFormat
                      serde: org.apache.hadoop.hive.serde2.lazybinary.LazyBinarySerDe

  Stage: Stage-50
    Map Reduce
      Map Operator Tree:
          TableScan
            alias: mds_usr_cookie_phone_rela_his
            Statistics: Num rows: 75370647 Data size: 6671873158 Basic stats: COMPLETE Column stats: NONE
            Select Operator
              expressions: cookie (type: string), platform (type: string), data_src (type: string), phone (type: string)
              outputColumnNames: cookie, platform, data_src, phone
              Statistics: Num rows: 75370647 Data size: 6671873158 Basic stats: COMPLETE Column stats: NONE
              Group By Operator
                aggregations: count(DISTINCT phone)
                keys: cookie (type: string), platform (type: string), data_src (type: string), phone (type: string)
                mode: hash
                outputColumnNames: _col0, _col1, _col2, _col3, _col4
                Statistics: Num rows: 75370647 Data size: 6671873158 Basic stats: COMPLETE Column stats: NONE
                Reduce Output Operator
                  key expressions: _col0 (type: string), _col1 (type: string), _col2 (type: string), _col3 (type: string)
                  sort order: ++++
                  Map-reduce partition columns: _col0 (type: string), _col1 (type: string), _col2 (type: string)
                  Statistics: Num rows: 75370647 Data size: 6671873158 Basic stats: COMPLETE Column stats: NONE
      Reduce Operator Tree:
        Group By Operator
          aggregations: count(DISTINCT KEY._col3:0._col0)
          keys: KEY._col0 (type: string), KEY._col1 (type: string), KEY._col2 (type: string)
          mode: mergepartial
          outputColumnNames: _col0, _col1, _col2, _col3
          Statistics: Num rows: 37685323 Data size: 3335936534 Basic stats: COMPLETE Column stats: NONE
          Select Operator
            expressions: _col0 (type: string), _col3 (type: bigint)
            outputColumnNames: _col0, _col3
            Statistics: Num rows: 37685323 Data size: 3335936534 Basic stats: COMPLETE Column stats: NONE
            Filter Operator
              predicate: (_col3 > null) (type: boolean)
              Statistics: Num rows: 12561774 Data size: 1111978815 Basic stats: COMPLETE Column stats: NONE
              Select Operator
                expressions: _col0 (type: string)
                outputColumnNames: _col0
                Statistics: Num rows: 12561774 Data size: 1111978815 Basic stats: COMPLETE Column stats: NONE
                File Output Operator
                  compressed: false
                  table:
                      input format: org.apache.hadoop.mapred.SequenceFileInputFormat
                      output format: org.apache.hadoop.hive.ql.io.HiveSequenceFileOutputFormat
                      serde: org.apache.hadoop.hive.serde2.lazybinary.LazyBinarySerDe

  Stage: Stage-51
    Map Reduce
      Map Operator Tree:
          TableScan
            Reduce Output Operator
              key expressions: _col0 (type: string)
              sort order: +
              Map-reduce partition columns: _col0 (type: string)
              Statistics: Num rows: 12561774 Data size: 1111978815 Basic stats: COMPLETE Column stats: NONE
          TableScan
            alias: a
            Statistics: Num rows: 75370647 Data size: 6671873158 Basic stats: COMPLETE Column stats: NONE
            Reduce Output Operator
              key expressions: cookie (type: string)
              sort order: +
              Map-reduce partition columns: cookie (type: string)
              Statistics: Num rows: 75370647 Data size: 6671873158 Basic stats: COMPLETE Column stats: NONE
              value expressions: phone (type: string), platform (type: string), data_src (type: string), first_time (type: string), last_time (type: string), recent_flag (type: string)
      Reduce Operator Tree:
        Join Operator
          condition map:
               Left Outer Join0 to 1
          keys:
            0 cookie (type: string)
            1 _col0 (type: string)
          outputColumnNames: _col0, _col1, _col2, _col3, _col4, _col5, _col7, _col11
          Statistics: Num rows: 82907713 Data size: 7339060632 Basic stats: COMPLETE Column stats: NONE
          File Output Operator
            compressed: false
            table:
                input format: org.apache.hadoop.mapred.SequenceFileInputFormat
                output format: org.apache.hadoop.hive.ql.io.HiveSequenceFileOutputFormat
                serde: org.apache.hadoop.hive.serde2.lazybinary.LazyBinarySerDe

  Stage: Stage-52
    Map Reduce
      Map Operator Tree:
          TableScan
            Reduce Output Operator
              key expressions: _col1 (type: string)
              sort order: +
              Map-reduce partition columns: _col1 (type: string)
              Statistics: Num rows: 82907713 Data size: 7339060632 Basic stats: COMPLETE Column stats: NONE
              value expressions: _col0 (type: string), _col2 (type: string), _col3 (type: string), _col4 (type: string), _col5 (type: string), _col7 (type: string), _col11 (type: string)
          TableScan
            Reduce Output Operator
              key expressions: _col0 (type: string)
              sort order: +
              Map-reduce partition columns: _col0 (type: string)
              Statistics: Num rows: 6280887 Data size: 555989407 Basic stats: COMPLETE Column stats: NONE
          TableScan
            Reduce Output Operator
              key expressions: _col0 (type: string)
              sort order: +
              Map-reduce partition columns: _col0 (type: string)
              Statistics: Num rows: 6280887 Data size: 555989407 Basic stats: COMPLETE Column stats: NONE
      Reduce Operator Tree:
        Join Operator
          condition map:
               Left Outer Join0 to 1
               Left Outer Join0 to 2
          keys:
            0 _col1 (type: string)
            1 _col0 (type: string)
            2 _col0 (type: string)
          outputColumnNames: _col0, _col1, _col2, _col3, _col4, _col5, _col7, _col11, _col13, _col15
          Statistics: Num rows: 182396972 Data size: 16145933740 Basic stats: COMPLETE Column stats: NONE
          Select Operator
            expressions: _col0 (type: string), _col1 (type: string), _col2 (type: string), _col3 (type: string), _col4 (type: string), _col5 (type: string), _col7 (type: string), CASE WHEN ((_col11 is null and _col13 is null and _col15 is null)) THEN ('no') ELSE ('yes') END (type: string)
            outputColumnNames: _col0, _col1, _col2, _col3, _col4, _col5, _col6, _col7
            Statistics: Num rows: 182396972 Data size: 16145933740 Basic stats: COMPLETE Column stats: NONE
            Filter Operator
              predicate: (_col7 = 'yes') (type: boolean)
              Statistics: Num rows: 91198486 Data size: 8072966870 Basic stats: COMPLETE Column stats: NONE
              Select Operator
                expressions: _col0 (type: string), _col1 (type: string), _col2 (type: string), _col3 (type: string), _col4 (type: string), _col5 (type: string), _col6 (type: string)
                outputColumnNames: _col0, _col1, _col2, _col3, _col4, _col5, _col6
                Statistics: Num rows: 91198486 Data size: 8072966870 Basic stats: COMPLETE Column stats: NONE
                File Output Operator
                  compressed: false
                  table:
                      input format: org.apache.hadoop.mapred.SequenceFileInputFormat
                      output format: org.apache.hadoop.hive.ql.io.HiveSequenceFileOutputFormat
                      serde: org.apache.hadoop.hive.serde2.lazybinary.LazyBinarySerDe

  Stage: Stage-53
    Map Reduce
      Map Operator Tree:
          TableScan
            Reduce Output Operator
              key expressions: _col1 (type: string), _col2 (type: string), _col5 (type: string)
              sort order: ++-
              Map-reduce partition columns: _col1 (type: string), _col2 (type: string)
              Statistics: Num rows: 91198486 Data size: 8072966870 Basic stats: COMPLETE Column stats: NONE
              value expressions: _col0 (type: string), _col3 (type: string), _col4 (type: string), _col6 (type: string)
      Reduce Operator Tree:
        Select Operator
          expressions: VALUE._col0 (type: string), KEY.reducesinkkey0 (type: string), KEY.reducesinkkey1 (type: string), VALUE._col1 (type: string), VALUE._col2 (type: string), KEY.reducesinkkey2 (type: string), VALUE._col3 (type: string)
          outputColumnNames: _col0, _col1, _col2, _col3, _col4, _col5, _col6
          Statistics: Num rows: 91198486 Data size: 8072966870 Basic stats: COMPLETE Column stats: NONE
          PTF Operator
            Function definitions:
                Input definition
                  input alias: ptf_0
                  output shape: _col0: string, _col1: string, _col2: string, _col3: string, _col4: string, _col5: string, _col6: string
                  type: WINDOWING
                Windowing table definition
                  input alias: ptf_1
                  name: windowingtablefunction
                  order by: _col5(DESC)
                  partition by: _col1, _col2
                  raw input shape:
                  window functions:
                      window function definition
                        alias: row_number_window_0
                        name: row_number
                        window function: GenericUDAFRowNumberEvaluator
                        window frame: PRECEDING(MAX)~FOLLOWING(MAX)
                        isPivotResult: true
            Statistics: Num rows: 91198486 Data size: 8072966870 Basic stats: COMPLETE Column stats: NONE
            Filter Operator
              predicate: ((row_number_window_0 <= 5) and (upper(_col2) = 'APP')) (type: boolean)
              Statistics: Num rows: 15199747 Data size: 1345494419 Basic stats: COMPLETE Column stats: NONE
              Select Operator
                expressions: _col0 (type: string), _col1 (type: string), _col2 (type: string), _col3 (type: string), _col4 (type: string), _col5 (type: string), _col6 (type: string)
                outputColumnNames: _col0, _col1, _col2, _col3, _col4, _col5, _col6
                Statistics: Num rows: 15199747 Data size: 1345494419 Basic stats: COMPLETE Column stats: NONE
                File Output Operator
                  compressed: false
                  table:
                      input format: org.apache.hadoop.mapred.SequenceFileInputFormat
                      output format: org.apache.hadoop.hive.ql.io.HiveSequenceFileOutputFormat
                      serde: org.apache.hadoop.hive.serde2.lazybinary.LazyBinarySerDe

  Stage: Stage-54
    Map Reduce
      Map Operator Tree:
          TableScan
            alias: mds_usr_cookie_phone_rela_his
            Statistics: Num rows: 75370647 Data size: 6671873158 Basic stats: COMPLETE Column stats: NONE
            Filter Operator
              predicate: (platform) IN ('01', '02') (type: boolean)
              Statistics: Num rows: 37685323 Data size: 3335936534 Basic stats: COMPLETE Column stats: NONE
              Select Operator
                expressions: phone (type: string), platform (type: string), data_src (type: string), cookie (type: string)
                outputColumnNames: phone, platform, data_src, cookie
                Statistics: Num rows: 37685323 Data size: 3335936534 Basic stats: COMPLETE Column stats: NONE
                Group By Operator
                  aggregations: count(DISTINCT cookie)
                  keys: phone (type: string), platform (type: string), data_src (type: string), cookie (type: string)
                  mode: hash
                  outputColumnNames: _col0, _col1, _col2, _col3, _col4
                  Statistics: Num rows: 37685323 Data size: 3335936534 Basic stats: COMPLETE Column stats: NONE
                  Reduce Output Operator
                    key expressions: _col0 (type: string), _col1 (type: string), _col2 (type: string), _col3 (type: string)
                    sort order: ++++
                    Map-reduce partition columns: _col0 (type: string), _col1 (type: string), _col2 (type: string)
                    Statistics: Num rows: 37685323 Data size: 3335936534 Basic stats: COMPLETE Column stats: NONE
      Reduce Operator Tree:
        Group By Operator
          aggregations: count(DISTINCT KEY._col3:0._col0)
          keys: KEY._col0 (type: string), KEY._col1 (type: string), KEY._col2 (type: string)
          mode: mergepartial
          outputColumnNames: _col0, _col1, _col2, _col3
          Statistics: Num rows: 18842661 Data size: 1667968222 Basic stats: COMPLETE Column stats: NONE
          Select Operator
            expressions: _col0 (type: string), _col3 (type: bigint)
            outputColumnNames: _col0, _col3
            Statistics: Num rows: 18842661 Data size: 1667968222 Basic stats: COMPLETE Column stats: NONE
            Filter Operator
              predicate: (_col3 > null) (type: boolean)
              Statistics: Num rows: 6280887 Data size: 555989407 Basic stats: COMPLETE Column stats: NONE
              Select Operator
                expressions: _col0 (type: string)
                outputColumnNames: _col0
                Statistics: Num rows: 6280887 Data size: 555989407 Basic stats: COMPLETE Column stats: NONE
                File Output Operator
                  compressed: false
                  table:
                      input format: org.apache.hadoop.mapred.SequenceFileInputFormat
                      output format: org.apache.hadoop.hive.ql.io.HiveSequenceFileOutputFormat
                      serde: org.apache.hadoop.hive.serde2.lazybinary.LazyBinarySerDe

  Stage: Stage-55
    Map Reduce
      Map Operator Tree:
          TableScan
            alias: mds_usr_cookie_phone_rela_his
            Statistics: Num rows: 75370647 Data size: 6671873158 Basic stats: COMPLETE Column stats: NONE
            Filter Operator
              predicate: (platform) IN ('03') (type: boolean)
              Statistics: Num rows: 37685323 Data size: 3335936534 Basic stats: COMPLETE Column stats: NONE
              Select Operator
                expressions: phone (type: string), platform (type: string), data_src (type: string), cookie (type: string)
                outputColumnNames: phone, platform, data_src, cookie
                Statistics: Num rows: 37685323 Data size: 3335936534 Basic stats: COMPLETE Column stats: NONE
                Group By Operator
                  aggregations: count(DISTINCT cookie)
                  keys: phone (type: string), platform (type: string), data_src (type: string), cookie (type: string)
                  mode: hash
                  outputColumnNames: _col0, _col1, _col2, _col3, _col4
                  Statistics: Num rows: 37685323 Data size: 3335936534 Basic stats: COMPLETE Column stats: NONE
                  Reduce Output Operator
                    key expressions: _col0 (type: string), _col1 (type: string), _col2 (type: string), _col3 (type: string)
                    sort order: ++++
                    Map-reduce partition columns: _col0 (type: string), _col1 (type: string), _col2 (type: string)
                    Statistics: Num rows: 37685323 Data size: 3335936534 Basic stats: COMPLETE Column stats: NONE
      Reduce Operator Tree:
        Group By Operator
          aggregations: count(DISTINCT KEY._col3:0._col0)
          keys: KEY._col0 (type: string), KEY._col1 (type: string), KEY._col2 (type: string)
          mode: mergepartial
          outputColumnNames: _col0, _col1, _col2, _col3
          Statistics: Num rows: 18842661 Data size: 1667968222 Basic stats: COMPLETE Column stats: NONE
          Select Operator
            expressions: _col0 (type: string), _col3 (type: bigint)
            outputColumnNames: _col0, _col3
            Statistics: Num rows: 18842661 Data size: 1667968222 Basic stats: COMPLETE Column stats: NONE
            Filter Operator
              predicate: (_col3 > null) (type: boolean)
              Statistics: Num rows: 6280887 Data size: 555989407 Basic stats: COMPLETE Column stats: NONE
              Select Operator
                expressions: _col0 (type: string)
                outputColumnNames: _col0
                Statistics: Num rows: 6280887 Data size: 555989407 Basic stats: COMPLETE Column stats: NONE
                File Output Operator
                  compressed: false
                  table:
                      input format: org.apache.hadoop.mapred.SequenceFileInputFormat
                      output format: org.apache.hadoop.hive.ql.io.HiveSequenceFileOutputFormat
                      serde: org.apache.hadoop.hive.serde2.lazybinary.LazyBinarySerDe

